# Use the official Python image from the Docker Hub
copy
FROM python:3.8

# Set the working directory inside the container
WORKDIR /app

# Clone the repository
RUN git clone https://github.com/home-assistant/core.git

# Change working directory to the repository directory
WORKDIR /app/core

# Install the required packages using the requirements.txt file
RUN pip install -r requirements.txt

# Run the test suite
RUN pytest

machine already started
TEMP DIR: /tmp/tmp.RCREZhxrU9


setup repo.
Warning: Permanently added '[localhost]:3022' (ED25519) to the list of known hosts.
Dockerfile
#0 building with "default" instance using docker driver

#1 [internal] load build definition from Dockerfile
#1 transferring dockerfile: 464B done
#1 DONE 0.0s

#2 [internal] load .dockerignore
#2 transferring context: 2B done
#2 DONE 0.0s
Dockerfile:2
--------------------
   1 |     # Use the official Python image from the Docker Hub
   2 | >>> copy
   3 |     FROM python:3.8
   4 |     
--------------------
ERROR: failed to solve: dockerfile parse error on line 2: COPY requires at least two arguments, but only one was provided. Destination could not be determined
removing docker image...
clearing temp directory
