# Use the official Python image as the base image
FROM python:3.8

# Set the working directory in the container
WORKDIR /app

# Clone the openpilot repository
RUN git clone https://github.com/commaai/openpilot.git

# Move into the openpilot directory
WORKDIR /app/openpilot

# Install Poetry (assuming it's not already installed in the base image)
RUN curl -sSL https://install.python-poetry.org | python -

# Install the project dependencies using Poetry
RUN poetry install

# Run the test suite of the repository
RUN pytest -q --collect-only 2>&1 | head -n 3 | xargs pytest -sv

machine already started
TEMP DIR: /tmp/tmp.tp1Xu0qY9d


setup repo.
Warning: Permanently added '[localhost]:3022' (ED25519) to the list of known hosts.
#0 building with "default" instance using docker driver

#1 [internal] load build definition from Dockerfile
#1 transferring dockerfile: 619B done
#1 DONE 0.0s

#2 [internal] load .dockerignore
#2 transferring context: 2B done
#2 DONE 0.1s

#3 [internal] load metadata for docker.io/library/python:3.8
#3 DONE 2.6s

#4 [1/7] FROM docker.io/library/python:3.8@sha256:01a4da15f16395a2d17dd9b673ccedcd6a6dbb4e130c8056d0d804dedac11c81
#4 resolve docker.io/library/python:3.8@sha256:01a4da15f16395a2d17dd9b673ccedcd6a6dbb4e130c8056d0d804dedac11c81 0.1s done
#4 sha256:891494355808bdd3db5552f0d3723fd0fa826675f774853796fafa221d850d42 0B / 24.05MB 0.1s
#4 sha256:01a4da15f16395a2d17dd9b673ccedcd6a6dbb4e130c8056d0d804dedac11c81 1.86kB / 1.86kB done
#4 sha256:340112dda59ac649527c9a8ba86f02343d981cb508161ba34ae7bb52a797e6ce 2.01kB / 2.01kB done
#4 sha256:fc6a57648aa5e9aef11fe915791e34dfce19169a2a77a312b0bd3ab40e264d7c 7.36kB / 7.36kB done
#4 sha256:c6cf28de8a067787ee0d08f8b01d7f1566a508b56f6e549687b41dfd375f12c7 0B / 49.58MB 0.1s
#4 sha256:6582c62583ef22717db8d306b1d6a0c288089ff607d9c0d2d81c4f8973cbfee3 0B / 64.14MB 0.3s
#4 sha256:6582c62583ef22717db8d306b1d6a0c288089ff607d9c0d2d81c4f8973cbfee3 4.19MB / 64.14MB 3.9s
#4 sha256:c6cf28de8a067787ee0d08f8b01d7f1566a508b56f6e549687b41dfd375f12c7 3.15MB / 49.58MB 4.1s
#4 sha256:891494355808bdd3db5552f0d3723fd0fa826675f774853796fafa221d850d42 2.10MB / 24.05MB 4.7s
#4 sha256:6582c62583ef22717db8d306b1d6a0c288089ff607d9c0d2d81c4f8973cbfee3 8.39MB / 64.14MB 6.7s
#4 sha256:c6cf28de8a067787ee0d08f8b01d7f1566a508b56f6e549687b41dfd375f12c7 6.29MB / 49.58MB 8.2s
#4 sha256:891494355808bdd3db5552f0d3723fd0fa826675f774853796fafa221d850d42 4.19MB / 24.05MB 9.3s
#4 sha256:6582c62583ef22717db8d306b1d6a0c288089ff607d9c0d2d81c4f8973cbfee3 12.58MB / 64.14MB 9.4s
#4 sha256:6582c62583ef22717db8d306b1d6a0c288089ff607d9c0d2d81c4f8973cbfee3 16.78MB / 64.14MB 12.2s
#4 sha256:c6cf28de8a067787ee0d08f8b01d7f1566a508b56f6e549687b41dfd375f12c7 9.44MB / 49.58MB 12.7s
#4 sha256:891494355808bdd3db5552f0d3723fd0fa826675f774853796fafa221d850d42 6.29MB / 24.05MB 13.2s
#4 sha256:6582c62583ef22717db8d306b1d6a0c288089ff607d9c0d2d81c4f8973cbfee3 20.97MB / 64.14MB 15.3s
#4 sha256:891494355808bdd3db5552f0d3723fd0fa826675f774853796fafa221d850d42 8.39MB / 24.05MB 16.4s
#4 sha256:c6cf28de8a067787ee0d08f8b01d7f1566a508b56f6e549687b41dfd375f12c7 12.58MB / 49.58MB 16.9s
#4 sha256:6582c62583ef22717db8d306b1d6a0c288089ff607d9c0d2d81c4f8973cbfee3 25.17MB / 64.14MB 18.5s
#4 sha256:891494355808bdd3db5552f0d3723fd0fa826675f774853796fafa221d850d42 10.49MB / 24.05MB 19.9s
#4 sha256:c6cf28de8a067787ee0d08f8b01d7f1566a508b56f6e549687b41dfd375f12c7 15.73MB / 49.58MB 20.6s
#4 sha256:6582c62583ef22717db8d306b1d6a0c288089ff607d9c0d2d81c4f8973cbfee3 29.36MB / 64.14MB 22.3s
#4 sha256:891494355808bdd3db5552f0d3723fd0fa826675f774853796fafa221d850d42 12.58MB / 24.05MB 23.3s
#4 sha256:c6cf28de8a067787ee0d08f8b01d7f1566a508b56f6e549687b41dfd375f12c7 18.87MB / 49.58MB 24.3s
#4 sha256:891494355808bdd3db5552f0d3723fd0fa826675f774853796fafa221d850d42 14.68MB / 24.05MB 26.2s
#4 sha256:6582c62583ef22717db8d306b1d6a0c288089ff607d9c0d2d81c4f8973cbfee3 33.55MB / 64.14MB 26.7s
#4 sha256:c6cf28de8a067787ee0d08f8b01d7f1566a508b56f6e549687b41dfd375f12c7 22.02MB / 49.58MB 27.6s
#4 sha256:891494355808bdd3db5552f0d3723fd0fa826675f774853796fafa221d850d42 16.78MB / 24.05MB 29.0s
#4 sha256:6582c62583ef22717db8d306b1d6a0c288089ff607d9c0d2d81c4f8973cbfee3 37.75MB / 64.14MB 30.2s
#4 sha256:c6cf28de8a067787ee0d08f8b01d7f1566a508b56f6e549687b41dfd375f12c7 25.17MB / 49.58MB 31.5s
#4 sha256:891494355808bdd3db5552f0d3723fd0fa826675f774853796fafa221d850d42 18.87MB / 24.05MB 32.7s
#4 sha256:6582c62583ef22717db8d306b1d6a0c288089ff607d9c0d2d81c4f8973cbfee3 41.94MB / 64.14MB 32.8s
#4 sha256:c6cf28de8a067787ee0d08f8b01d7f1566a508b56f6e549687b41dfd375f12c7 28.31MB / 49.58MB 36.0s
#4 sha256:6582c62583ef22717db8d306b1d6a0c288089ff607d9c0d2d81c4f8973cbfee3 46.14MB / 64.14MB 36.0s
#4 sha256:891494355808bdd3db5552f0d3723fd0fa826675f774853796fafa221d850d42 20.97MB / 24.05MB 36.4s
#4 sha256:891494355808bdd3db5552f0d3723fd0fa826675f774853796fafa221d850d42 23.07MB / 24.05MB 38.4s
#4 sha256:c6cf28de8a067787ee0d08f8b01d7f1566a508b56f6e549687b41dfd375f12c7 31.46MB / 49.58MB 38.9s
#4 sha256:891494355808bdd3db5552f0d3723fd0fa826675f774853796fafa221d850d42 24.05MB / 24.05MB 39.4s done
#4 sha256:bf2c3e352f3d2eed4eda4feeed44a1022a881058df20ac0584db70c138b041e2 0B / 211.21MB 39.5s
#4 sha256:6582c62583ef22717db8d306b1d6a0c288089ff607d9c0d2d81c4f8973cbfee3 49.28MB / 64.14MB 41.0s
#4 sha256:c6cf28de8a067787ee0d08f8b01d7f1566a508b56f6e549687b41dfd375f12c7 34.60MB / 49.58MB 41.3s
#4 sha256:c6cf28de8a067787ee0d08f8b01d7f1566a508b56f6e549687b41dfd375f12c7 37.75MB / 49.58MB 44.1s
#4 sha256:bf2c3e352f3d2eed4eda4feeed44a1022a881058df20ac0584db70c138b041e2 3.15MB / 211.21MB 44.7s
#4 sha256:6582c62583ef22717db8d306b1d6a0c288089ff607d9c0d2d81c4f8973cbfee3 52.43MB / 64.14MB 46.0s
#4 sha256:c6cf28de8a067787ee0d08f8b01d7f1566a508b56f6e549687b41dfd375f12c7 40.89MB / 49.58MB 46.6s
#4 sha256:c6cf28de8a067787ee0d08f8b01d7f1566a508b56f6e549687b41dfd375f12c7 44.04MB / 49.58MB 48.7s
#4 sha256:bf2c3e352f3d2eed4eda4feeed44a1022a881058df20ac0584db70c138b041e2 7.34MB / 211.21MB 49.7s
#4 sha256:6582c62583ef22717db8d306b1d6a0c288089ff607d9c0d2d81c4f8973cbfee3 55.57MB / 64.14MB 51.0s
#4 sha256:c6cf28de8a067787ee0d08f8b01d7f1566a508b56f6e549687b41dfd375f12c7 47.19MB / 49.58MB 51.9s
#4 sha256:c6cf28de8a067787ee0d08f8b01d7f1566a508b56f6e549687b41dfd375f12c7 49.58MB / 49.58MB 54.4s done
#4 extracting sha256:c6cf28de8a067787ee0d08f8b01d7f1566a508b56f6e549687b41dfd375f12c7
#4 sha256:a99509a323905a80628005e4f3bc26ac15ebaf3ffdb08a9646a7f2d110ab38f9 0B / 6.39MB 54.5s
#4 sha256:bf2c3e352f3d2eed4eda4feeed44a1022a881058df20ac0584db70c138b041e2 13.63MB / 211.21MB 54.8s
#4 sha256:6582c62583ef22717db8d306b1d6a0c288089ff607d9c0d2d81c4f8973cbfee3 59.77MB / 64.14MB 55.2s
#4 extracting sha256:c6cf28de8a067787ee0d08f8b01d7f1566a508b56f6e549687b41dfd375f12c7 1.9s done
#4 sha256:a99509a323905a80628005e4f3bc26ac15ebaf3ffdb08a9646a7f2d110ab38f9 1.05MB / 6.39MB 56.3s
#4 extracting sha256:891494355808bdd3db5552f0d3723fd0fa826675f774853796fafa221d850d42
#4 extracting sha256:891494355808bdd3db5552f0d3723fd0fa826675f774853796fafa221d850d42 0.6s done
#4 sha256:a99509a323905a80628005e4f3bc26ac15ebaf3ffdb08a9646a7f2d110ab38f9 2.10MB / 6.39MB 57.7s
#4 sha256:a99509a323905a80628005e4f3bc26ac15ebaf3ffdb08a9646a7f2d110ab38f9 3.15MB / 6.39MB 59.1s
#4 sha256:bf2c3e352f3d2eed4eda4feeed44a1022a881058df20ac0584db70c138b041e2 19.92MB / 211.21MB 59.8s
#4 sha256:6582c62583ef22717db8d306b1d6a0c288089ff607d9c0d2d81c4f8973cbfee3 63.96MB / 64.14MB 60.3s
#4 extracting sha256:6582c62583ef22717db8d306b1d6a0c288089ff607d9c0d2d81c4f8973cbfee3
#4 sha256:6582c62583ef22717db8d306b1d6a0c288089ff607d9c0d2d81c4f8973cbfee3 64.14MB / 64.14MB 60.4s done
#4 sha256:7327cba2bf36683c119324ade7c9ed62f8a95523d745bb55658ee7f0554a3dd0 0B / 15.20MB 60.5s
#4 sha256:a99509a323905a80628005e4f3bc26ac15ebaf3ffdb08a9646a7f2d110ab38f9 4.19MB / 6.39MB 60.7s
#4 sha256:a99509a323905a80628005e4f3bc26ac15ebaf3ffdb08a9646a7f2d110ab38f9 5.24MB / 6.39MB 62.3s
#4 sha256:7327cba2bf36683c119324ade7c9ed62f8a95523d745bb55658ee7f0554a3dd0 1.05MB / 15.20MB 62.9s
#4 extracting sha256:6582c62583ef22717db8d306b1d6a0c288089ff607d9c0d2d81c4f8973cbfee3 2.5s done
#4 sha256:a99509a323905a80628005e4f3bc26ac15ebaf3ffdb08a9646a7f2d110ab38f9 6.29MB / 6.39MB 63.9s
#4 sha256:a99509a323905a80628005e4f3bc26ac15ebaf3ffdb08a9646a7f2d110ab38f9 6.39MB / 6.39MB 64.0s done
#4 sha256:c44e905d3c51b51708b9fde83dce11f6c5b23aae56d591228cab6babac67d71f 0B / 244B 64.1s
#4 sha256:7327cba2bf36683c119324ade7c9ed62f8a95523d745bb55658ee7f0554a3dd0 2.10MB / 15.20MB 64.3s
#4 sha256:c44e905d3c51b51708b9fde83dce11f6c5b23aae56d591228cab6babac67d71f 244B / 244B 64.4s done
#4 sha256:e64bc13ba68336ce21a4ee8553c9e633c496c72408af8b4d5c45e949725b0894 0B / 2.85MB 64.5s
#4 sha256:bf2c3e352f3d2eed4eda4feeed44a1022a881058df20ac0584db70c138b041e2 26.21MB / 211.21MB 65.0s
#4 sha256:7327cba2bf36683c119324ade7c9ed62f8a95523d745bb55658ee7f0554a3dd0 3.15MB / 15.20MB 65.5s
#4 sha256:e64bc13ba68336ce21a4ee8553c9e633c496c72408af8b4d5c45e949725b0894 1.05MB / 2.85MB 66.2s
#4 sha256:7327cba2bf36683c119324ade7c9ed62f8a95523d745bb55658ee7f0554a3dd0 4.19MB / 15.20MB 66.7s
#4 sha256:e64bc13ba68336ce21a4ee8553c9e633c496c72408af8b4d5c45e949725b0894 2.10MB / 2.85MB 67.9s
#4 sha256:7327cba2bf36683c119324ade7c9ed62f8a95523d745bb55658ee7f0554a3dd0 5.24MB / 15.20MB 68.2s
#4 sha256:e64bc13ba68336ce21a4ee8553c9e633c496c72408af8b4d5c45e949725b0894 2.85MB / 2.85MB 68.9s done
#4 sha256:7327cba2bf36683c119324ade7c9ed62f8a95523d745bb55658ee7f0554a3dd0 6.29MB / 15.20MB 69.6s
#4 sha256:bf2c3e352f3d2eed4eda4feeed44a1022a881058df20ac0584db70c138b041e2 32.51MB / 211.21MB 70.2s
#4 sha256:7327cba2bf36683c119324ade7c9ed62f8a95523d745bb55658ee7f0554a3dd0 7.34MB / 15.20MB 70.8s
#4 sha256:7327cba2bf36683c119324ade7c9ed62f8a95523d745bb55658ee7f0554a3dd0 8.39MB / 15.20MB 71.5s
#4 sha256:7327cba2bf36683c119324ade7c9ed62f8a95523d745bb55658ee7f0554a3dd0 9.44MB / 15.20MB 72.4s
#4 sha256:7327cba2bf36683c119324ade7c9ed62f8a95523d745bb55658ee7f0554a3dd0 10.49MB / 15.20MB 73.1s
#4 sha256:7327cba2bf36683c119324ade7c9ed62f8a95523d745bb55658ee7f0554a3dd0 11.53MB / 15.20MB 73.7s
#4 sha256:7327cba2bf36683c119324ade7c9ed62f8a95523d745bb55658ee7f0554a3dd0 12.58MB / 15.20MB 74.4s
#4 sha256:7327cba2bf36683c119324ade7c9ed62f8a95523d745bb55658ee7f0554a3dd0 13.63MB / 15.20MB 75.2s
#4 sha256:bf2c3e352f3d2eed4eda4feeed44a1022a881058df20ac0584db70c138b041e2 37.75MB / 211.21MB 75.4s
#4 sha256:7327cba2bf36683c119324ade7c9ed62f8a95523d745bb55658ee7f0554a3dd0 14.68MB / 15.20MB 75.9s
#4 sha256:7327cba2bf36683c119324ade7c9ed62f8a95523d745bb55658ee7f0554a3dd0 15.20MB / 15.20MB 76.2s done
#4 sha256:bf2c3e352f3d2eed4eda4feeed44a1022a881058df20ac0584db70c138b041e2 49.28MB / 211.21MB 80.4s
#4 sha256:bf2c3e352f3d2eed4eda4feeed44a1022a881058df20ac0584db70c138b041e2 60.82MB / 211.21MB 84.9s
#4 sha256:bf2c3e352f3d2eed4eda4feeed44a1022a881058df20ac0584db70c138b041e2 71.30MB / 211.21MB 89.9s
#4 sha256:bf2c3e352f3d2eed4eda4feeed44a1022a881058df20ac0584db70c138b041e2 82.84MB / 211.21MB 94.2s
#4 sha256:bf2c3e352f3d2eed4eda4feeed44a1022a881058df20ac0584db70c138b041e2 94.37MB / 211.21MB 97.9s
#4 sha256:bf2c3e352f3d2eed4eda4feeed44a1022a881058df20ac0584db70c138b041e2 105.91MB / 211.21MB 101.8s
#4 sha256:bf2c3e352f3d2eed4eda4feeed44a1022a881058df20ac0584db70c138b041e2 117.44MB / 211.21MB 105.3s
#4 sha256:bf2c3e352f3d2eed4eda4feeed44a1022a881058df20ac0584db70c138b041e2 128.97MB / 211.21MB 109.3s
#4 sha256:bf2c3e352f3d2eed4eda4feeed44a1022a881058df20ac0584db70c138b041e2 140.51MB / 211.21MB 113.5s
#4 sha256:bf2c3e352f3d2eed4eda4feeed44a1022a881058df20ac0584db70c138b041e2 152.04MB / 211.21MB 117.8s
#4 sha256:bf2c3e352f3d2eed4eda4feeed44a1022a881058df20ac0584db70c138b041e2 163.58MB / 211.21MB 122.0s
#4 sha256:bf2c3e352f3d2eed4eda4feeed44a1022a881058df20ac0584db70c138b041e2 175.11MB / 211.21MB 126.0s
#4 sha256:bf2c3e352f3d2eed4eda4feeed44a1022a881058df20ac0584db70c138b041e2 186.65MB / 211.21MB 129.5s
#4 sha256:bf2c3e352f3d2eed4eda4feeed44a1022a881058df20ac0584db70c138b041e2 198.18MB / 211.21MB 133.6s
#4 sha256:bf2c3e352f3d2eed4eda4feeed44a1022a881058df20ac0584db70c138b041e2 209.72MB / 211.21MB 137.6s
#4 sha256:bf2c3e352f3d2eed4eda4feeed44a1022a881058df20ac0584db70c138b041e2 211.21MB / 211.21MB 138.0s done
#4 extracting sha256:bf2c3e352f3d2eed4eda4feeed44a1022a881058df20ac0584db70c138b041e2 0.1s
#4 extracting sha256:bf2c3e352f3d2eed4eda4feeed44a1022a881058df20ac0584db70c138b041e2 5.2s
#4 extracting sha256:bf2c3e352f3d2eed4eda4feeed44a1022a881058df20ac0584db70c138b041e2 6.6s done
#4 extracting sha256:a99509a323905a80628005e4f3bc26ac15ebaf3ffdb08a9646a7f2d110ab38f9
#4 extracting sha256:a99509a323905a80628005e4f3bc26ac15ebaf3ffdb08a9646a7f2d110ab38f9 0.3s done
#4 extracting sha256:7327cba2bf36683c119324ade7c9ed62f8a95523d745bb55658ee7f0554a3dd0
#4 extracting sha256:7327cba2bf36683c119324ade7c9ed62f8a95523d745bb55658ee7f0554a3dd0 0.5s done
#4 extracting sha256:c44e905d3c51b51708b9fde83dce11f6c5b23aae56d591228cab6babac67d71f done
#4 extracting sha256:e64bc13ba68336ce21a4ee8553c9e633c496c72408af8b4d5c45e949725b0894 0.1s
#4 extracting sha256:e64bc13ba68336ce21a4ee8553c9e633c496c72408af8b4d5c45e949725b0894 0.2s done
#4 DONE 146.6s

#5 [2/7] WORKDIR /app
#5 DONE 0.1s

#6 [3/7] RUN git clone https://github.com/commaai/openpilot.git
#6 0.215 Cloning into 'openpilot'...
removing docker image...
clearing temp directory
