# Use the official Python image as the base image
FROM python:3.8

# Set the working directory in the container
WORKDIR /app

# Clone the repository
RUN git clone https://github.com/OpenInterpreter/open-interpreter.git

# Move to the repository directory
WORKDIR /app/open-interpreter

# Install Poetry
RUN pip install poetry

# Install project dependencies using Poetry
RUN poetry install

# Run the test suite
RUN pytest
machine already started
TEMP DIR: /tmp/tmp.H95S2HLBX7


setup repo.
Warning: Permanently added '[localhost]:3022' (ED25519) to the list of known hosts.
Dockerfile
#0 building with "default" instance using docker driver

#1 [internal] load build definition from Dockerfile
#1 transferring dockerfile: 461B done
#1 DONE 0.0s

#2 [internal] load .dockerignore
#2 transferring context: 2B done
#2 DONE 0.1s

#3 [internal] load metadata for docker.io/library/python:3.8
#3 DONE 1.7s

#4 [1/7] FROM docker.io/library/python:3.8@sha256:bb707718063867801af7828a5107c6852cb2c0628bdea71d15b3ac2b1d045308
#4 DONE 0.0s

#5 [2/7] WORKDIR /app
#5 CACHED

#6 [3/7] RUN git clone https://github.com/OpenInterpreter/open-interpreter.git
#6 0.211 Cloning into 'open-interpreter'...
#6 DONE 27.6s

#7 [4/7] WORKDIR /app/open-interpreter
#7 DONE 0.1s

#8 [5/7] RUN pip install poetry
#8 1.556 Collecting poetry
#8 1.874   Downloading poetry-1.8.3-py3-none-any.whl (249 kB)
#8 2.046      ━━━━━━━━━━━━━━━━━━━━━━━━━━━━━━━━━━━━━━━ 249.9/249.9 kB 1.6 MB/s eta 0:00:00
#8 2.157 Collecting importlib-metadata>=4.4
#8 2.216   Downloading importlib_metadata-8.0.0-py3-none-any.whl (24 kB)
#8 2.259 Collecting crashtest<0.5.0,>=0.4.1
#8 2.323   Downloading crashtest-0.4.1-py3-none-any.whl (7.6 kB)
#8 2.407 Collecting shellingham<2.0,>=1.5
#8 2.469   Downloading shellingham-1.5.4-py2.py3-none-any.whl (9.8 kB)
#8 2.547 Collecting requests<3.0,>=2.26
#8 2.604   Downloading requests-2.32.3-py3-none-any.whl (64 kB)
#8 2.638      ━━━━━━━━━━━━━━━━━━━━━━━━━━━━━━━━━━━━━━━━ 64.9/64.9 kB 1.7 MB/s eta 0:00:00
#8 2.711 Collecting tomlkit<1.0.0,>=0.11.4
#8 2.769   Downloading tomlkit-0.12.5-py3-none-any.whl (37 kB)
#8 2.818 Collecting requests-toolbelt<2.0.0,>=1.0.0
#8 2.887   Downloading requests_toolbelt-1.0.0-py2.py3-none-any.whl (54 kB)
#8 2.916      ━━━━━━━━━━━━━━━━━━━━━━━━━━━━━━━━━━━━━━━━ 54.5/54.5 kB 2.4 MB/s eta 0:00:00
#8 2.968 Collecting platformdirs<5,>=3.0.0
#8 3.025   Downloading platformdirs-4.2.2-py3-none-any.whl (18 kB)
#8 3.112 Collecting packaging>=23.1
#8 3.170   Downloading packaging-24.1-py3-none-any.whl (53 kB)
#8 3.196      ━━━━━━━━━━━━━━━━━━━━━━━━━━━━━━━━━━━━━━━━ 54.0/54.0 kB 2.9 MB/s eta 0:00:00
#8 3.244 Collecting cachecontrol[filecache]<0.15.0,>=0.14.0
#8 3.304   Downloading cachecontrol-0.14.0-py3-none-any.whl (22 kB)
#8 3.362 Collecting cleo<3.0.0,>=2.1.0
#8 3.421   Downloading cleo-2.1.0-py3-none-any.whl (78 kB)
#8 3.459      ━━━━━━━━━━━━━━━━━━━━━━━━━━━━━━━━━━━━━━━━ 78.7/78.7 kB 1.9 MB/s eta 0:00:00
#8 3.513 Collecting poetry-core==1.9.0
#8 3.590   Downloading poetry_core-1.9.0-py3-none-any.whl (309 kB)
#8 3.664      ━━━━━━━━━━━━━━━━━━━━━━━━━━━━━━━━━━━━━━━ 309.5/309.5 kB 4.2 MB/s eta 0:00:00
#8 3.720 Collecting trove-classifiers>=2022.5.19
#8 3.778   Downloading trove_classifiers-2024.7.2-py3-none-any.whl (13 kB)
#8 3.819 Collecting tomli<3.0.0,>=2.0.1
#8 3.878   Downloading tomli-2.0.1-py3-none-any.whl (12 kB)
#8 3.952 Collecting fastjsonschema<3.0.0,>=2.18.0
#8 4.011   Downloading fastjsonschema-2.20.0-py3-none-any.whl (23 kB)
#8 4.118 Collecting keyring<25.0.0,>=24.0.0
#8 4.175   Downloading keyring-24.3.1-py3-none-any.whl (38 kB)
#8 4.233 Collecting pexpect<5.0.0,>=4.7.0
#8 4.290   Downloading pexpect-4.9.0-py2.py3-none-any.whl (63 kB)
#8 4.315      ━━━━━━━━━━━━━━━━━━━━━━━━━━━━━━━━━━━━━━━━ 63.8/63.8 kB 2.6 MB/s eta 0:00:00
#8 4.589 Collecting dulwich<0.22.0,>=0.21.2
#8 4.648   Downloading dulwich-0.21.7-cp38-cp38-manylinux_2_17_x86_64.manylinux2014_x86_64.whl (516 kB)
#8 4.823      ━━━━━━━━━━━━━━━━━━━━━━━━━━━━━━━━━━━━━━━ 517.0/517.0 kB 2.9 MB/s eta 0:00:00
#8 4.871 Collecting pyproject-hooks<2.0.0,>=1.0.0
#8 4.938   Downloading pyproject_hooks-1.1.0-py3-none-any.whl (9.2 kB)
#8 5.020 Collecting poetry-plugin-export<2.0.0,>=1.6.0
#8 5.077   Downloading poetry_plugin_export-1.8.0-py3-none-any.whl (10 kB)
#8 5.119 Collecting pkginfo<2.0,>=1.10
#8 5.174   Downloading pkginfo-1.11.1-py3-none-any.whl (31 kB)
#8 5.323 Collecting virtualenv<21.0.0,>=20.23.0
#8 5.380   Downloading virtualenv-20.26.3-py3-none-any.whl (5.7 MB)
#8 7.060      ━━━━━━━━━━━━━━━━━━━━━━━━━━━━━━━━━━━━━━━━ 5.7/5.7 MB 3.4 MB/s eta 0:00:00
#8 7.121 Collecting installer<0.8.0,>=0.7.0
#8 7.179   Downloading installer-0.7.0-py3-none-any.whl (453 kB)
#8 7.286      ━━━━━━━━━━━━━━━━━━━━━━━━━━━━━━━━━━━━━━━ 453.8/453.8 kB 4.4 MB/s eta 0:00:00
#8 7.331 Collecting build<2.0.0,>=1.0.3
#8 7.399   Downloading build-1.2.1-py3-none-any.whl (21 kB)
#8 7.620 Collecting msgpack<2.0.0,>=0.5.2
#8 7.678   Downloading msgpack-1.0.8-cp38-cp38-manylinux_2_17_x86_64.manylinux2014_x86_64.whl (390 kB)
#8 7.772      ━━━━━━━━━━━━━━━━━━━━━━━━━━━━━━━━━━━━━━━ 390.5/390.5 kB 4.2 MB/s eta 0:00:00
#8 7.843 Collecting filelock>=3.8.0
#8 7.902   Downloading filelock-3.15.4-py3-none-any.whl (16 kB)
#8 9.280 Collecting rapidfuzz<4.0.0,>=3.0.0
#8 9.345   Downloading rapidfuzz-3.9.4-cp38-cp38-manylinux_2_17_x86_64.manylinux2014_x86_64.whl (3.4 MB)
#8 10.28      ━━━━━━━━━━━━━━━━━━━━━━━━━━━━━━━━━━━━━━━━ 3.4/3.4 MB 3.6 MB/s eta 0:00:00
#8 10.37 Collecting urllib3>=1.25
#8 10.43   Downloading urllib3-2.2.2-py3-none-any.whl (121 kB)
#8 10.46      ━━━━━━━━━━━━━━━━━━━━━━━━━━━━━━━━━━━━━━━ 121.4/121.4 kB 4.3 MB/s eta 0:00:00
#8 10.53 Collecting zipp>=0.5
#8 10.59   Downloading zipp-3.19.2-py3-none-any.whl (9.0 kB)
#8 10.70 Collecting importlib-resources
#8 10.76   Downloading importlib_resources-6.4.0-py3-none-any.whl (38 kB)
#8 10.88 Collecting jaraco.classes
#8 10.94   Downloading jaraco.classes-3.4.0-py3-none-any.whl (6.8 kB)
#8 11.02 Collecting SecretStorage>=3.2
#8 11.08   Downloading SecretStorage-3.3.3-py3-none-any.whl (15 kB)
#8 11.15 Collecting jeepney>=0.4.2
#8 11.22   Downloading jeepney-0.8.0-py3-none-any.whl (48 kB)
#8 11.25      ━━━━━━━━━━━━━━━━━━━━━━━━━━━━━━━━━━━━━━━━ 48.4/48.4 kB 2.5 MB/s eta 0:00:00
#8 11.30 Collecting ptyprocess>=0.5
#8 11.36   Downloading ptyprocess-0.7.0-py2.py3-none-any.whl (13 kB)
#8 11.60 Collecting charset-normalizer<4,>=2
#8 11.66   Downloading charset_normalizer-3.3.2-cp38-cp38-manylinux_2_17_x86_64.manylinux2014_x86_64.whl (141 kB)
#8 11.69      ━━━━━━━━━━━━━━━━━━━━━━━━━━━━━━━━━━━━━━━ 141.1/141.1 kB 5.1 MB/s eta 0:00:00
#8 11.77 Collecting certifi>=2017.4.17
#8 11.83   Downloading certifi-2024.7.4-py3-none-any.whl (162 kB)
#8 11.86      ━━━━━━━━━━━━━━━━━━━━━━━━━━━━━━━━━━━━━━━ 163.0/163.0 kB 4.6 MB/s eta 0:00:00
#8 11.91 Collecting idna<4,>=2.5
#8 11.97   Downloading idna-3.7-py3-none-any.whl (66 kB)
#8 11.99      ━━━━━━━━━━━━━━━━━━━━━━━━━━━━━━━━━━━━━━━━ 66.8/66.8 kB 2.7 MB/s eta 0:00:00
#8 12.08 Collecting distlib<1,>=0.3.7
#8 12.14   Downloading distlib-0.3.8-py2.py3-none-any.whl (468 kB)
#8 12.28      ━━━━━━━━━━━━━━━━━━━━━━━━━━━━━━━━━━━━━━━ 468.9/468.9 kB 3.4 MB/s eta 0:00:00
#8 12.77 Collecting cryptography>=2.0
#8 12.83   Downloading cryptography-42.0.8-cp37-abi3-manylinux_2_28_x86_64.whl (3.9 MB)
#8 13.90      ━━━━━━━━━━━━━━━━━━━━━━━━━━━━━━━━━━━━━━━━ 3.9/3.9 MB 3.6 MB/s eta 0:00:00
#8 14.04 Collecting more-itertools
#8 14.10   Downloading more_itertools-10.3.0-py3-none-any.whl (59 kB)
#8 14.12      ━━━━━━━━━━━━━━━━━━━━━━━━━━━━━━━━━━━━━━━━ 59.2/59.2 kB 2.9 MB/s eta 0:00:00
#8 14.39 Collecting cffi>=1.12
#8 14.45   Downloading cffi-1.16.0-cp38-cp38-manylinux_2_17_x86_64.manylinux2014_x86_64.whl (444 kB)
#8 14.55      ━━━━━━━━━━━━━━━━━━━━━━━━━━━━━━━━━━━━━━━ 444.7/444.7 kB 4.3 MB/s eta 0:00:00
#8 14.60 Collecting pycparser
#8 14.65   Downloading pycparser-2.22-py3-none-any.whl (117 kB)
#8 14.69      ━━━━━━━━━━━━━━━━━━━━━━━━━━━━━━━━━━━━━━━ 117.6/117.6 kB 3.4 MB/s eta 0:00:00
#8 14.93 Installing collected packages: trove-classifiers, ptyprocess, fastjsonschema, distlib, zipp, urllib3, tomlkit, tomli, shellingham, rapidfuzz, pyproject-hooks, pycparser, poetry-core, platformdirs, pkginfo, pexpect, packaging, msgpack, more-itertools, jeepney, installer, idna, filelock, crashtest, charset-normalizer, certifi, virtualenv, requests, jaraco.classes, importlib-resources, importlib-metadata, dulwich, cleo, cffi, requests-toolbelt, cryptography, cachecontrol, build, SecretStorage, keyring, poetry-plugin-export, poetry
#8 17.01 Successfully installed SecretStorage-3.3.3 build-1.2.1 cachecontrol-0.14.0 certifi-2024.7.4 cffi-1.16.0 charset-normalizer-3.3.2 cleo-2.1.0 crashtest-0.4.1 cryptography-42.0.8 distlib-0.3.8 dulwich-0.21.7 fastjsonschema-2.20.0 filelock-3.15.4 idna-3.7 importlib-metadata-8.0.0 importlib-resources-6.4.0 installer-0.7.0 jaraco.classes-3.4.0 jeepney-0.8.0 keyring-24.3.1 more-itertools-10.3.0 msgpack-1.0.8 packaging-24.1 pexpect-4.9.0 pkginfo-1.11.1 platformdirs-4.2.2 poetry-1.8.3 poetry-core-1.9.0 poetry-plugin-export-1.8.0 ptyprocess-0.7.0 pycparser-2.22 pyproject-hooks-1.1.0 rapidfuzz-3.9.4 requests-2.32.3 requests-toolbelt-1.0.0 shellingham-1.5.4 tomli-2.0.1 tomlkit-0.12.5 trove-classifiers-2024.7.2 urllib3-2.2.2 virtualenv-20.26.3 zipp-3.19.2
#8 17.01 WARNING: Running pip as the 'root' user can result in broken permissions and conflicting behaviour with the system package manager. It is recommended to use a virtual environment instead: https://pip.pypa.io/warnings/venv
#8 17.16 
#8 17.16 [notice] A new release of pip is available: 23.0.1 -> 24.1.1
#8 17.16 [notice] To update, run: pip install --upgrade pip
#8 DONE 17.4s

#9 [6/7] RUN poetry install
#9 0.650 The currently activated Python version 3.8.19 is not supported by the project (>=3.9,<4).
#9 0.650 Trying to find and use a compatible version. 
#9 0.716 Using python3.11 (3.11.2)
#9 0.717 Creating virtualenv open-interpreter-Jf0DLNUi-py3.11 in /root/.cache/pypoetry/virtualenvs
#9 1.133 Installing dependencies from lock file
#9 1.695 
#9 1.696 pyproject.toml changed significantly since poetry.lock was last generated. Run `poetry lock [--no-update]` to fix the lock file.
#9 ERROR: process "/bin/sh -c poetry install" did not complete successfully: exit code: 1
------
 > [6/7] RUN poetry install:
0.650 The currently activated Python version 3.8.19 is not supported by the project (>=3.9,<4).
0.650 Trying to find and use a compatible version. 
0.716 Using python3.11 (3.11.2)
0.717 Creating virtualenv open-interpreter-Jf0DLNUi-py3.11 in /root/.cache/pypoetry/virtualenvs
1.133 Installing dependencies from lock file
1.695 
1.696 pyproject.toml changed significantly since poetry.lock was last generated. Run `poetry lock [--no-update]` to fix the lock file.
------
Dockerfile:17
--------------------
  15 |     
  16 |     # Install project dependencies using Poetry
  17 | >>> RUN poetry install
  18 |     
  19 |     # Run the test suite
--------------------
ERROR: failed to solve: process "/bin/sh -c poetry install" did not complete successfully: exit code: 1
removing docker image...
clearing temp directory
