FROM python:3.8

# Set working directory
WORKDIR /app

# Clone the repository
RUN git clone https://github.com/nvbn/thefuck.git

# Change directory to the repository
WORKDIR /app/thefuck

# Install the project
RUN pip install .

# Run the test suite
RUN pytest
machine already started
TEMP DIR: /tmp/tmp.QzaKzorG1F


setup repo.
Warning: Permanently added '[localhost]:3022' (ED25519) to the list of known hosts.
Dockerfile
#0 building with "default" instance using docker driver

#1 [internal] load build definition from Dockerfile
#1 transferring dockerfile: 299B done
#1 DONE 0.0s

#2 [internal] load .dockerignore
#2 transferring context: 2B done
#2 DONE 0.0s

#3 [internal] load metadata for docker.io/library/python:3.8
#3 DONE 0.9s

#4 [1/6] FROM docker.io/library/python:3.8@sha256:bb707718063867801af7828a5107c6852cb2c0628bdea71d15b3ac2b1d045308
#4 DONE 0.0s

#5 [2/6] WORKDIR /app
#5 CACHED

#6 [3/6] RUN git clone https://github.com/nvbn/thefuck.git
#6 0.180 Cloning into 'thefuck'...
#6 DONE 2.4s

#7 [4/6] WORKDIR /app/thefuck
#7 DONE 0.1s

#8 [5/6] RUN pip install .
#8 1.248 Processing /app/thefuck
#8 1.249   Preparing metadata (setup.py): started
#8 1.542   Preparing metadata (setup.py): finished with status 'done'
#8 1.870 Collecting psutil
#8 2.190   Downloading psutil-6.0.0-cp36-abi3-manylinux_2_12_x86_64.manylinux2010_x86_64.manylinux_2_17_x86_64.manylinux2014_x86_64.whl (290 kB)
#8 2.379      ━━━━━━━━━━━━━━━━━━━━━━━━━━━━━━━━━━━━━━━ 290.5/290.5 kB 1.6 MB/s eta 0:00:00
#8 2.433 Collecting colorama
#8 2.492   Downloading colorama-0.4.6-py2.py3-none-any.whl (25 kB)
#8 2.535 Collecting six
#8 2.595   Downloading six-1.16.0-py2.py3-none-any.whl (11 kB)
#8 2.673 Collecting decorator
#8 2.735   Downloading decorator-5.1.1-py3-none-any.whl (9.1 kB)
#8 3.010 Collecting pyte
#8 3.072   Downloading pyte-0.8.2-py3-none-any.whl (31 kB)
#8 3.132 Collecting wcwidth
#8 3.189   Downloading wcwidth-0.2.13-py2.py3-none-any.whl (34 kB)
#8 3.209 Building wheels for collected packages: thefuck
#8 3.209   Building wheel for thefuck (setup.py): started
#8 3.564   Building wheel for thefuck (setup.py): finished with status 'done'
#8 3.565   Created wheel for thefuck: filename=thefuck-3.32-py2.py3-none-any.whl size=119971 sha256=698a3cd72955c264fd807b4260891388a660a4b5207b5c4391e081270b4e3bf5
#8 3.566   Stored in directory: /tmp/pip-ephem-wheel-cache-n22q5n4x/wheels/1d/36/69/6111de930bb1a0349377de606c6ab2de47f4099b7dae33ade9
#8 3.569 Successfully built thefuck
#8 3.606 Installing collected packages: wcwidth, six, pyte, psutil, decorator, colorama, thefuck
#8 3.984 Successfully installed colorama-0.4.6 decorator-5.1.1 psutil-6.0.0 pyte-0.8.2 six-1.16.0 thefuck-3.32 wcwidth-0.2.13
#8 3.985 WARNING: Running pip as the 'root' user can result in broken permissions and conflicting behaviour with the system package manager. It is recommended to use a virtual environment instead: https://pip.pypa.io/warnings/venv
#8 4.116 
#8 4.116 [notice] A new release of pip is available: 23.0.1 -> 24.1.1
#8 4.116 [notice] To update, run: pip install --upgrade pip
#8 DONE 4.2s

#9 [6/6] RUN pytest
#9 0.240 /bin/sh: 1: pytest: not found
#9 ERROR: process "/bin/sh -c pytest" did not complete successfully: exit code: 127
------
 > [6/6] RUN pytest:
pytest: not found
------
Dockerfile:16
--------------------
  14 |     
  15 |     # Run the test suite
  16 | >>> RUN pytest
--------------------
ERROR: failed to solve: process "/bin/sh -c pytest" did not complete successfully: exit code: 127
removing docker image...
clearing temp directory
