FROM python:3.8

# Clone the repository
RUN git clone https://github.com/tqdm/tqdm.git /tqdm

# Move into the repository
WORKDIR /tqdm

# Install the repository
RUN pip install .

# Run the test suite
RUN pytest -q --collect-only 2>&1 | head -n 3 | xargs pytest -sv

machine already started
TEMP DIR: /tmp/tmp.rbCskhOzxX


setup repo.
Warning: Permanently added '[localhost]:3022' (ED25519) to the list of known hosts.
#0 building with "default" instance using docker driver

#1 [internal] load build definition from Dockerfile
#1 transferring dockerfile: 305B done
#1 DONE 0.1s

#2 [internal] load .dockerignore
#2 transferring context: 2B done
#2 DONE 0.1s

#3 [internal] load metadata for docker.io/library/python:3.8
#3 DONE 2.0s

#4 [1/5] FROM docker.io/library/python:3.8@sha256:01a4da15f16395a2d17dd9b673ccedcd6a6dbb4e130c8056d0d804dedac11c81
#4 resolve docker.io/library/python:3.8@sha256:01a4da15f16395a2d17dd9b673ccedcd6a6dbb4e130c8056d0d804dedac11c81 0.1s done
#4 sha256:c6cf28de8a067787ee0d08f8b01d7f1566a508b56f6e549687b41dfd375f12c7 0B / 49.58MB 0.1s
#4 sha256:6582c62583ef22717db8d306b1d6a0c288089ff607d9c0d2d81c4f8973cbfee3 0B / 64.14MB 0.1s
#4 sha256:01a4da15f16395a2d17dd9b673ccedcd6a6dbb4e130c8056d0d804dedac11c81 1.86kB / 1.86kB done
#4 sha256:340112dda59ac649527c9a8ba86f02343d981cb508161ba34ae7bb52a797e6ce 2.01kB / 2.01kB done
#4 sha256:fc6a57648aa5e9aef11fe915791e34dfce19169a2a77a312b0bd3ab40e264d7c 7.36kB / 7.36kB done
#4 sha256:891494355808bdd3db5552f0d3723fd0fa826675f774853796fafa221d850d42 0B / 24.05MB 0.1s
#4 sha256:891494355808bdd3db5552f0d3723fd0fa826675f774853796fafa221d850d42 2.10MB / 24.05MB 3.0s
#4 sha256:891494355808bdd3db5552f0d3723fd0fa826675f774853796fafa221d850d42 4.19MB / 24.05MB 4.8s
#4 sha256:c6cf28de8a067787ee0d08f8b01d7f1566a508b56f6e549687b41dfd375f12c7 2.10MB / 49.58MB 5.2s
#4 sha256:6582c62583ef22717db8d306b1d6a0c288089ff607d9c0d2d81c4f8973cbfee3 3.15MB / 64.14MB 5.2s
#4 sha256:891494355808bdd3db5552f0d3723fd0fa826675f774853796fafa221d850d42 6.29MB / 24.05MB 6.9s
#4 sha256:891494355808bdd3db5552f0d3723fd0fa826675f774853796fafa221d850d42 8.39MB / 24.05MB 9.0s
#4 sha256:6582c62583ef22717db8d306b1d6a0c288089ff607d9c0d2d81c4f8973cbfee3 7.34MB / 64.14MB 9.2s
#4 sha256:c6cf28de8a067787ee0d08f8b01d7f1566a508b56f6e549687b41dfd375f12c7 4.19MB / 49.58MB 10.2s
#4 sha256:891494355808bdd3db5552f0d3723fd0fa826675f774853796fafa221d850d42 10.49MB / 24.05MB 11.0s
#4 sha256:891494355808bdd3db5552f0d3723fd0fa826675f774853796fafa221d850d42 12.58MB / 24.05MB 13.3s
#4 sha256:6582c62583ef22717db8d306b1d6a0c288089ff607d9c0d2d81c4f8973cbfee3 11.53MB / 64.14MB 13.7s
#4 sha256:c6cf28de8a067787ee0d08f8b01d7f1566a508b56f6e549687b41dfd375f12c7 5.24MB / 49.58MB 15.2s
#4 sha256:891494355808bdd3db5552f0d3723fd0fa826675f774853796fafa221d850d42 14.68MB / 24.05MB 15.7s
#4 sha256:891494355808bdd3db5552f0d3723fd0fa826675f774853796fafa221d850d42 16.78MB / 24.05MB 17.6s
#4 sha256:6582c62583ef22717db8d306b1d6a0c288089ff607d9c0d2d81c4f8973cbfee3 15.73MB / 64.14MB 18.1s
#4 sha256:891494355808bdd3db5552f0d3723fd0fa826675f774853796fafa221d850d42 18.87MB / 24.05MB 19.8s
#4 sha256:c6cf28de8a067787ee0d08f8b01d7f1566a508b56f6e549687b41dfd375f12c7 7.34MB / 49.58MB 20.4s
#4 sha256:891494355808bdd3db5552f0d3723fd0fa826675f774853796fafa221d850d42 20.97MB / 24.05MB 21.8s
#4 sha256:6582c62583ef22717db8d306b1d6a0c288089ff607d9c0d2d81c4f8973cbfee3 19.92MB / 64.14MB 22.2s
#4 sha256:891494355808bdd3db5552f0d3723fd0fa826675f774853796fafa221d850d42 23.07MB / 24.05MB 24.2s
#4 sha256:891494355808bdd3db5552f0d3723fd0fa826675f774853796fafa221d850d42 24.05MB / 24.05MB 25.3s done
#4 sha256:bf2c3e352f3d2eed4eda4feeed44a1022a881058df20ac0584db70c138b041e2 0B / 211.21MB 25.4s
#4 sha256:c6cf28de8a067787ee0d08f8b01d7f1566a508b56f6e549687b41dfd375f12c7 8.39MB / 49.58MB 25.5s
#4 sha256:6582c62583ef22717db8d306b1d6a0c288089ff607d9c0d2d81c4f8973cbfee3 24.12MB / 64.14MB 26.7s
#4 sha256:c6cf28de8a067787ee0d08f8b01d7f1566a508b56f6e549687b41dfd375f12c7 11.53MB / 49.58MB 30.3s
#4 sha256:bf2c3e352f3d2eed4eda4feeed44a1022a881058df20ac0584db70c138b041e2 2.10MB / 211.21MB 30.5s
#4 sha256:6582c62583ef22717db8d306b1d6a0c288089ff607d9c0d2d81c4f8973cbfee3 27.26MB / 64.14MB 31.8s
#4 sha256:c6cf28de8a067787ee0d08f8b01d7f1566a508b56f6e549687b41dfd375f12c7 12.58MB / 49.58MB 35.3s
#4 sha256:bf2c3e352f3d2eed4eda4feeed44a1022a881058df20ac0584db70c138b041e2 6.29MB / 211.21MB 35.5s
#4 sha256:6582c62583ef22717db8d306b1d6a0c288089ff607d9c0d2d81c4f8973cbfee3 31.46MB / 64.14MB 35.8s
#4 sha256:c6cf28de8a067787ee0d08f8b01d7f1566a508b56f6e549687b41dfd375f12c7 14.68MB / 49.58MB 40.4s
#4 sha256:bf2c3e352f3d2eed4eda4feeed44a1022a881058df20ac0584db70c138b041e2 9.44MB / 211.21MB 40.7s
#4 sha256:6582c62583ef22717db8d306b1d6a0c288089ff607d9c0d2d81c4f8973cbfee3 34.60MB / 64.14MB 40.9s
#4 sha256:6582c62583ef22717db8d306b1d6a0c288089ff607d9c0d2d81c4f8973cbfee3 38.80MB / 64.14MB 45.2s
#4 sha256:c6cf28de8a067787ee0d08f8b01d7f1566a508b56f6e549687b41dfd375f12c7 16.78MB / 49.58MB 45.4s
#4 sha256:bf2c3e352f3d2eed4eda4feeed44a1022a881058df20ac0584db70c138b041e2 13.63MB / 211.21MB 45.9s
#4 sha256:6582c62583ef22717db8d306b1d6a0c288089ff607d9c0d2d81c4f8973cbfee3 41.94MB / 64.14MB 50.2s
#4 sha256:c6cf28de8a067787ee0d08f8b01d7f1566a508b56f6e549687b41dfd375f12c7 18.87MB / 49.58MB 50.5s
#4 sha256:bf2c3e352f3d2eed4eda4feeed44a1022a881058df20ac0584db70c138b041e2 16.78MB / 211.21MB 50.9s
#4 sha256:6582c62583ef22717db8d306b1d6a0c288089ff607d9c0d2d81c4f8973cbfee3 42.99MB / 64.14MB 55.2s
#4 sha256:c6cf28de8a067787ee0d08f8b01d7f1566a508b56f6e549687b41dfd375f12c7 19.92MB / 49.58MB 55.5s
#4 sha256:bf2c3e352f3d2eed4eda4feeed44a1022a881058df20ac0584db70c138b041e2 18.87MB / 211.21MB 56.0s
#4 sha256:6582c62583ef22717db8d306b1d6a0c288089ff607d9c0d2d81c4f8973cbfee3 45.09MB / 64.14MB 60.3s
#4 sha256:c6cf28de8a067787ee0d08f8b01d7f1566a508b56f6e549687b41dfd375f12c7 19.92MB / 49.58MB 60.6s
#4 sha256:bf2c3e352f3d2eed4eda4feeed44a1022a881058df20ac0584db70c138b041e2 19.92MB / 211.21MB 61.1s
#4 sha256:6582c62583ef22717db8d306b1d6a0c288089ff607d9c0d2d81c4f8973cbfee3 45.09MB / 64.14MB 65.4s
#4 sha256:c6cf28de8a067787ee0d08f8b01d7f1566a508b56f6e549687b41dfd375f12c7 20.97MB / 49.58MB 65.6s
#4 sha256:bf2c3e352f3d2eed4eda4feeed44a1022a881058df20ac0584db70c138b041e2 20.97MB / 211.21MB 66.2s
#4 sha256:6582c62583ef22717db8d306b1d6a0c288089ff607d9c0d2d81c4f8973cbfee3 46.14MB / 64.14MB 70.5s
#4 sha256:c6cf28de8a067787ee0d08f8b01d7f1566a508b56f6e549687b41dfd375f12c7 20.97MB / 49.58MB 70.7s
#4 sha256:bf2c3e352f3d2eed4eda4feeed44a1022a881058df20ac0584db70c138b041e2 22.02MB / 211.21MB 71.2s
#4 sha256:6582c62583ef22717db8d306b1d6a0c288089ff607d9c0d2d81c4f8973cbfee3 47.19MB / 64.14MB 75.5s
#4 sha256:c6cf28de8a067787ee0d08f8b01d7f1566a508b56f6e549687b41dfd375f12c7 22.02MB / 49.58MB 75.7s
#4 sha256:bf2c3e352f3d2eed4eda4feeed44a1022a881058df20ac0584db70c138b041e2 22.02MB / 211.21MB 76.3s
#4 sha256:6582c62583ef22717db8d306b1d6a0c288089ff607d9c0d2d81c4f8973cbfee3 48.23MB / 64.14MB 80.6s
#4 sha256:c6cf28de8a067787ee0d08f8b01d7f1566a508b56f6e549687b41dfd375f12c7 22.02MB / 49.58MB 80.8s
#4 sha256:bf2c3e352f3d2eed4eda4feeed44a1022a881058df20ac0584db70c138b041e2 23.07MB / 211.21MB 81.3s
#4 sha256:6582c62583ef22717db8d306b1d6a0c288089ff607d9c0d2d81c4f8973cbfee3 50.33MB / 64.14MB 85.7s
#4 sha256:c6cf28de8a067787ee0d08f8b01d7f1566a508b56f6e549687b41dfd375f12c7 24.12MB / 49.58MB 85.9s
#4 sha256:bf2c3e352f3d2eed4eda4feeed44a1022a881058df20ac0584db70c138b041e2 24.12MB / 211.21MB 86.4s
#4 sha256:c6cf28de8a067787ee0d08f8b01d7f1566a508b56f6e549687b41dfd375f12c7 26.21MB / 49.58MB 90.9s
#4 sha256:6582c62583ef22717db8d306b1d6a0c288089ff607d9c0d2d81c4f8973cbfee3 53.48MB / 64.14MB 90.9s
#4 sha256:bf2c3e352f3d2eed4eda4feeed44a1022a881058df20ac0584db70c138b041e2 27.26MB / 211.21MB 91.5s
#4 sha256:6582c62583ef22717db8d306b1d6a0c288089ff607d9c0d2d81c4f8973cbfee3 57.67MB / 64.14MB 94.5s
#4 sha256:c6cf28de8a067787ee0d08f8b01d7f1566a508b56f6e549687b41dfd375f12c7 28.31MB / 49.58MB 96.0s
#4 sha256:bf2c3e352f3d2eed4eda4feeed44a1022a881058df20ac0584db70c138b041e2 29.36MB / 211.21MB 96.6s
#4 sha256:6582c62583ef22717db8d306b1d6a0c288089ff607d9c0d2d81c4f8973cbfee3 61.87MB / 64.14MB 98.5s
#4 sha256:c6cf28de8a067787ee0d08f8b01d7f1566a508b56f6e549687b41dfd375f12c7 31.46MB / 49.58MB 100.1s
#4 sha256:6582c62583ef22717db8d306b1d6a0c288089ff607d9c0d2d81c4f8973cbfee3 64.14MB / 64.14MB 100.4s done
#4 sha256:a99509a323905a80628005e4f3bc26ac15ebaf3ffdb08a9646a7f2d110ab38f9 0B / 6.39MB 100.5s
#4 sha256:bf2c3e352f3d2eed4eda4feeed44a1022a881058df20ac0584db70c138b041e2 32.51MB / 211.21MB 101.7s
#4 sha256:a99509a323905a80628005e4f3bc26ac15ebaf3ffdb08a9646a7f2d110ab38f9 1.05MB / 6.39MB 103.9s
#4 sha256:c6cf28de8a067787ee0d08f8b01d7f1566a508b56f6e549687b41dfd375f12c7 33.55MB / 49.58MB 105.2s
#4 sha256:a99509a323905a80628005e4f3bc26ac15ebaf3ffdb08a9646a7f2d110ab38f9 2.10MB / 6.39MB 105.2s
#4 sha256:a99509a323905a80628005e4f3bc26ac15ebaf3ffdb08a9646a7f2d110ab38f9 3.15MB / 6.39MB 106.6s
#4 sha256:bf2c3e352f3d2eed4eda4feeed44a1022a881058df20ac0584db70c138b041e2 34.60MB / 211.21MB 106.8s
#4 sha256:a99509a323905a80628005e4f3bc26ac15ebaf3ffdb08a9646a7f2d110ab38f9 4.19MB / 6.39MB 108.1s
#4 sha256:c6cf28de8a067787ee0d08f8b01d7f1566a508b56f6e549687b41dfd375f12c7 36.70MB / 49.58MB 109.9s
#4 sha256:a99509a323905a80628005e4f3bc26ac15ebaf3ffdb08a9646a7f2d110ab38f9 5.24MB / 6.39MB 109.9s
#4 sha256:bf2c3e352f3d2eed4eda4feeed44a1022a881058df20ac0584db70c138b041e2 35.65MB / 211.21MB 112.0s
#4 sha256:a99509a323905a80628005e4f3bc26ac15ebaf3ffdb08a9646a7f2d110ab38f9 6.29MB / 6.39MB 112.6s
#4 sha256:a99509a323905a80628005e4f3bc26ac15ebaf3ffdb08a9646a7f2d110ab38f9 6.39MB / 6.39MB 112.7s done
#4 sha256:7327cba2bf36683c119324ade7c9ed62f8a95523d745bb55658ee7f0554a3dd0 0B / 15.20MB 112.8s
#4 sha256:c6cf28de8a067787ee0d08f8b01d7f1566a508b56f6e549687b41dfd375f12c7 38.80MB / 49.58MB 114.9s
#4 sha256:7327cba2bf36683c119324ade7c9ed62f8a95523d745bb55658ee7f0554a3dd0 1.05MB / 15.20MB 116.9s
#4 sha256:bf2c3e352f3d2eed4eda4feeed44a1022a881058df20ac0584db70c138b041e2 36.70MB / 211.21MB 117.1s
#4 sha256:7327cba2bf36683c119324ade7c9ed62f8a95523d745bb55658ee7f0554a3dd0 2.10MB / 15.20MB 118.9s
#4 sha256:c6cf28de8a067787ee0d08f8b01d7f1566a508b56f6e549687b41dfd375f12c7 39.85MB / 49.58MB 119.9s
#4 sha256:7327cba2bf36683c119324ade7c9ed62f8a95523d745bb55658ee7f0554a3dd0 3.15MB / 15.20MB 121.1s
#4 sha256:bf2c3e352f3d2eed4eda4feeed44a1022a881058df20ac0584db70c138b041e2 37.75MB / 211.21MB 122.1s
#4 sha256:7327cba2bf36683c119324ade7c9ed62f8a95523d745bb55658ee7f0554a3dd0 4.19MB / 15.20MB 123.7s
#4 sha256:c6cf28de8a067787ee0d08f8b01d7f1566a508b56f6e549687b41dfd375f12c7 40.89MB / 49.58MB 124.9s
#4 sha256:7327cba2bf36683c119324ade7c9ed62f8a95523d745bb55658ee7f0554a3dd0 5.24MB / 15.20MB 126.9s
#4 sha256:bf2c3e352f3d2eed4eda4feeed44a1022a881058df20ac0584db70c138b041e2 37.75MB / 211.21MB 127.1s
#4 sha256:c6cf28de8a067787ee0d08f8b01d7f1566a508b56f6e549687b41dfd375f12c7 41.94MB / 49.58MB 130.0s
#4 sha256:7327cba2bf36683c119324ade7c9ed62f8a95523d745bb55658ee7f0554a3dd0 6.29MB / 15.20MB 130.5s
#4 sha256:bf2c3e352f3d2eed4eda4feeed44a1022a881058df20ac0584db70c138b041e2 38.80MB / 211.21MB 132.1s
#4 sha256:7327cba2bf36683c119324ade7c9ed62f8a95523d745bb55658ee7f0554a3dd0 7.34MB / 15.20MB 134.2s
#4 sha256:c6cf28de8a067787ee0d08f8b01d7f1566a508b56f6e549687b41dfd375f12c7 42.99MB / 49.58MB 135.1s
#4 sha256:bf2c3e352f3d2eed4eda4feeed44a1022a881058df20ac0584db70c138b041e2 39.85MB / 211.21MB 137.2s
#4 sha256:7327cba2bf36683c119324ade7c9ed62f8a95523d745bb55658ee7f0554a3dd0 8.39MB / 15.20MB 137.9s
#4 sha256:c6cf28de8a067787ee0d08f8b01d7f1566a508b56f6e549687b41dfd375f12c7 44.04MB / 49.58MB 140.2s
#4 sha256:7327cba2bf36683c119324ade7c9ed62f8a95523d745bb55658ee7f0554a3dd0 9.44MB / 15.20MB 140.9s
#4 sha256:bf2c3e352f3d2eed4eda4feeed44a1022a881058df20ac0584db70c138b041e2 40.89MB / 211.21MB 142.4s
#4 sha256:7327cba2bf36683c119324ade7c9ed62f8a95523d745bb55658ee7f0554a3dd0 10.49MB / 15.20MB 143.4s
#4 sha256:c6cf28de8a067787ee0d08f8b01d7f1566a508b56f6e549687b41dfd375f12c7 46.14MB / 49.58MB 145.2s
#4 sha256:7327cba2bf36683c119324ade7c9ed62f8a95523d745bb55658ee7f0554a3dd0 11.53MB / 15.20MB 145.4s
#4 sha256:bf2c3e352f3d2eed4eda4feeed44a1022a881058df20ac0584db70c138b041e2 42.99MB / 211.21MB 147.5s
#4 sha256:7327cba2bf36683c119324ade7c9ed62f8a95523d745bb55658ee7f0554a3dd0 12.58MB / 15.20MB 147.5s
#4 sha256:7327cba2bf36683c119324ade7c9ed62f8a95523d745bb55658ee7f0554a3dd0 13.63MB / 15.20MB 149.2s
#4 sha256:c6cf28de8a067787ee0d08f8b01d7f1566a508b56f6e549687b41dfd375f12c7 48.23MB / 49.58MB 150.4s
#4 sha256:7327cba2bf36683c119324ade7c9ed62f8a95523d745bb55658ee7f0554a3dd0 14.68MB / 15.20MB 150.9s
#4 sha256:7327cba2bf36683c119324ade7c9ed62f8a95523d745bb55658ee7f0554a3dd0 15.20MB / 15.20MB 151.5s done
#4 sha256:c44e905d3c51b51708b9fde83dce11f6c5b23aae56d591228cab6babac67d71f 0B / 244B 151.6s
#4 sha256:c6cf28de8a067787ee0d08f8b01d7f1566a508b56f6e549687b41dfd375f12c7 49.58MB / 49.58MB 152.1s done
#4 extracting sha256:c6cf28de8a067787ee0d08f8b01d7f1566a508b56f6e549687b41dfd375f12c7 0.1s
#4 sha256:e64bc13ba68336ce21a4ee8553c9e633c496c72408af8b4d5c45e949725b0894 0B / 2.85MB 152.2s
#4 sha256:bf2c3e352f3d2eed4eda4feeed44a1022a881058df20ac0584db70c138b041e2 45.09MB / 211.21MB 152.6s
#4 sha256:c44e905d3c51b51708b9fde83dce11f6c5b23aae56d591228cab6babac67d71f 244B / 244B 153.2s done
#4 extracting sha256:c6cf28de8a067787ee0d08f8b01d7f1566a508b56f6e549687b41dfd375f12c7 1.8s done
#4 extracting sha256:891494355808bdd3db5552f0d3723fd0fa826675f774853796fafa221d850d42
#4 extracting sha256:891494355808bdd3db5552f0d3723fd0fa826675f774853796fafa221d850d42 0.6s done
#4 extracting sha256:6582c62583ef22717db8d306b1d6a0c288089ff607d9c0d2d81c4f8973cbfee3 0.1s
#4 sha256:e64bc13ba68336ce21a4ee8553c9e633c496c72408af8b4d5c45e949725b0894 1.05MB / 2.85MB 155.0s
#4 sha256:e64bc13ba68336ce21a4ee8553c9e633c496c72408af8b4d5c45e949725b0894 2.10MB / 2.85MB 157.1s
#4 extracting sha256:6582c62583ef22717db8d306b1d6a0c288089ff607d9c0d2d81c4f8973cbfee3 2.4s done
#4 sha256:bf2c3e352f3d2eed4eda4feeed44a1022a881058df20ac0584db70c138b041e2 47.19MB / 211.21MB 157.6s
#4 sha256:e64bc13ba68336ce21a4ee8553c9e633c496c72408af8b4d5c45e949725b0894 2.85MB / 2.85MB 158.2s done
#4 sha256:bf2c3e352f3d2eed4eda4feeed44a1022a881058df20ac0584db70c138b041e2 51.38MB / 211.21MB 162.6s
#4 sha256:bf2c3e352f3d2eed4eda4feeed44a1022a881058df20ac0584db70c138b041e2 56.62MB / 211.21MB 167.7s
#4 sha256:bf2c3e352f3d2eed4eda4feeed44a1022a881058df20ac0584db70c138b041e2 60.82MB / 211.21MB 172.8s
#4 sha256:bf2c3e352f3d2eed4eda4feeed44a1022a881058df20ac0584db70c138b041e2 62.91MB / 211.21MB 177.8s
#4 sha256:bf2c3e352f3d2eed4eda4feeed44a1022a881058df20ac0584db70c138b041e2 63.96MB / 211.21MB 182.9s
#4 sha256:bf2c3e352f3d2eed4eda4feeed44a1022a881058df20ac0584db70c138b041e2 65.01MB / 211.21MB 188.1s
#4 sha256:bf2c3e352f3d2eed4eda4feeed44a1022a881058df20ac0584db70c138b041e2 65.01MB / 211.21MB 193.1s
#4 sha256:bf2c3e352f3d2eed4eda4feeed44a1022a881058df20ac0584db70c138b041e2 65.01MB / 211.21MB 198.2s
#4 sha256:bf2c3e352f3d2eed4eda4feeed44a1022a881058df20ac0584db70c138b041e2 65.01MB / 211.21MB 203.3s
#4 sha256:bf2c3e352f3d2eed4eda4feeed44a1022a881058df20ac0584db70c138b041e2 65.01MB / 211.21MB 208.5s
#4 sha256:bf2c3e352f3d2eed4eda4feeed44a1022a881058df20ac0584db70c138b041e2 65.01MB / 211.21MB 213.5s
#4 sha256:bf2c3e352f3d2eed4eda4feeed44a1022a881058df20ac0584db70c138b041e2 65.01MB / 211.21MB 218.6s
#4 sha256:bf2c3e352f3d2eed4eda4feeed44a1022a881058df20ac0584db70c138b041e2 65.01MB / 211.21MB 223.7s
#4 sha256:bf2c3e352f3d2eed4eda4feeed44a1022a881058df20ac0584db70c138b041e2 65.01MB / 211.21MB 228.9s
#4 sha256:bf2c3e352f3d2eed4eda4feeed44a1022a881058df20ac0584db70c138b041e2 65.01MB / 211.21MB 233.9s
#4 sha256:bf2c3e352f3d2eed4eda4feeed44a1022a881058df20ac0584db70c138b041e2 65.01MB / 211.21MB 239.1s
#4 sha256:bf2c3e352f3d2eed4eda4feeed44a1022a881058df20ac0584db70c138b041e2 65.01MB / 211.21MB 244.2s
#4 sha256:bf2c3e352f3d2eed4eda4feeed44a1022a881058df20ac0584db70c138b041e2 65.01MB / 211.21MB 249.3s
#4 sha256:bf2c3e352f3d2eed4eda4feeed44a1022a881058df20ac0584db70c138b041e2 65.01MB / 211.21MB 254.3s
#4 sha256:bf2c3e352f3d2eed4eda4feeed44a1022a881058df20ac0584db70c138b041e2 65.01MB / 211.21MB 259.4s
#4 sha256:bf2c3e352f3d2eed4eda4feeed44a1022a881058df20ac0584db70c138b041e2 65.01MB / 211.21MB 264.6s
#4 sha256:bf2c3e352f3d2eed4eda4feeed44a1022a881058df20ac0584db70c138b041e2 65.01MB / 211.21MB 269.7s
#4 sha256:bf2c3e352f3d2eed4eda4feeed44a1022a881058df20ac0584db70c138b041e2 65.01MB / 211.21MB 274.9s
#4 sha256:bf2c3e352f3d2eed4eda4feeed44a1022a881058df20ac0584db70c138b041e2 65.01MB / 211.21MB 280.0s
#4 sha256:bf2c3e352f3d2eed4eda4feeed44a1022a881058df20ac0584db70c138b041e2 65.01MB / 211.21MB 285.1s
#4 sha256:bf2c3e352f3d2eed4eda4feeed44a1022a881058df20ac0584db70c138b041e2 65.01MB / 211.21MB 290.2s
#4 sha256:bf2c3e352f3d2eed4eda4feeed44a1022a881058df20ac0584db70c138b041e2 65.01MB / 211.21MB 295.2s
#4 sha256:bf2c3e352f3d2eed4eda4feeed44a1022a881058df20ac0584db70c138b041e2 65.01MB / 211.21MB 300.4s
#4 sha256:bf2c3e352f3d2eed4eda4feeed44a1022a881058df20ac0584db70c138b041e2 65.01MB / 211.21MB 305.5s
#4 sha256:bf2c3e352f3d2eed4eda4feeed44a1022a881058df20ac0584db70c138b041e2 65.01MB / 211.21MB 310.7s
#4 sha256:bf2c3e352f3d2eed4eda4feeed44a1022a881058df20ac0584db70c138b041e2 65.01MB / 211.21MB 315.7s
#4 sha256:bf2c3e352f3d2eed4eda4feeed44a1022a881058df20ac0584db70c138b041e2 65.01MB / 211.21MB 320.9s
#4 sha256:bf2c3e352f3d2eed4eda4feeed44a1022a881058df20ac0584db70c138b041e2 65.01MB / 211.21MB 325.9s
#4 sha256:bf2c3e352f3d2eed4eda4feeed44a1022a881058df20ac0584db70c138b041e2 65.01MB / 211.21MB 331.0s
#4 sha256:bf2c3e352f3d2eed4eda4feeed44a1022a881058df20ac0584db70c138b041e2 65.01MB / 211.21MB 336.2s
#4 sha256:bf2c3e352f3d2eed4eda4feeed44a1022a881058df20ac0584db70c138b041e2 65.01MB / 211.21MB 341.2s
#4 sha256:bf2c3e352f3d2eed4eda4feeed44a1022a881058df20ac0584db70c138b041e2 65.01MB / 211.21MB 346.4s
#4 sha256:bf2c3e352f3d2eed4eda4feeed44a1022a881058df20ac0584db70c138b041e2 65.01MB / 211.21MB 351.5s
#4 sha256:bf2c3e352f3d2eed4eda4feeed44a1022a881058df20ac0584db70c138b041e2 65.01MB / 211.21MB 356.6s
#4 sha256:bf2c3e352f3d2eed4eda4feeed44a1022a881058df20ac0584db70c138b041e2 65.01MB / 211.21MB 361.7s
#4 sha256:bf2c3e352f3d2eed4eda4feeed44a1022a881058df20ac0584db70c138b041e2 65.01MB / 211.21MB 366.8s
#4 sha256:bf2c3e352f3d2eed4eda4feeed44a1022a881058df20ac0584db70c138b041e2 65.01MB / 211.21MB 371.9s
#4 sha256:bf2c3e352f3d2eed4eda4feeed44a1022a881058df20ac0584db70c138b041e2 65.01MB / 211.21MB 377.0s
#4 sha256:bf2c3e352f3d2eed4eda4feeed44a1022a881058df20ac0584db70c138b041e2 65.01MB / 211.21MB 382.0s
#4 sha256:bf2c3e352f3d2eed4eda4feeed44a1022a881058df20ac0584db70c138b041e2 65.01MB / 211.21MB 387.1s
#4 sha256:bf2c3e352f3d2eed4eda4feeed44a1022a881058df20ac0584db70c138b041e2 65.01MB / 211.21MB 392.2s
#4 sha256:bf2c3e352f3d2eed4eda4feeed44a1022a881058df20ac0584db70c138b041e2 65.01MB / 211.21MB 397.3s
#4 sha256:bf2c3e352f3d2eed4eda4feeed44a1022a881058df20ac0584db70c138b041e2 65.01MB / 211.21MB 402.3s
#4 sha256:bf2c3e352f3d2eed4eda4feeed44a1022a881058df20ac0584db70c138b041e2 65.01MB / 211.21MB 407.3s
#4 sha256:bf2c3e352f3d2eed4eda4feeed44a1022a881058df20ac0584db70c138b041e2 65.01MB / 211.21MB 412.5s
#4 sha256:bf2c3e352f3d2eed4eda4feeed44a1022a881058df20ac0584db70c138b041e2 65.01MB / 211.21MB 417.6s
#4 sha256:bf2c3e352f3d2eed4eda4feeed44a1022a881058df20ac0584db70c138b041e2 65.01MB / 211.21MB 422.6s
#4 sha256:bf2c3e352f3d2eed4eda4feeed44a1022a881058df20ac0584db70c138b041e2 65.01MB / 211.21MB 427.6s
#4 sha256:bf2c3e352f3d2eed4eda4feeed44a1022a881058df20ac0584db70c138b041e2 65.01MB / 211.21MB 432.7s
#4 sha256:bf2c3e352f3d2eed4eda4feeed44a1022a881058df20ac0584db70c138b041e2 65.01MB / 211.21MB 437.8s
#4 sha256:bf2c3e352f3d2eed4eda4feeed44a1022a881058df20ac0584db70c138b041e2 65.01MB / 211.21MB 442.9s
#4 sha256:bf2c3e352f3d2eed4eda4feeed44a1022a881058df20ac0584db70c138b041e2 65.01MB / 211.21MB 448.0s
#4 sha256:bf2c3e352f3d2eed4eda4feeed44a1022a881058df20ac0584db70c138b041e2 65.01MB / 211.21MB 453.1s
#4 sha256:bf2c3e352f3d2eed4eda4feeed44a1022a881058df20ac0584db70c138b041e2 65.01MB / 211.21MB 458.2s
#4 sha256:bf2c3e352f3d2eed4eda4feeed44a1022a881058df20ac0584db70c138b041e2 65.01MB / 211.21MB 463.3s
#4 sha256:bf2c3e352f3d2eed4eda4feeed44a1022a881058df20ac0584db70c138b041e2 65.01MB / 211.21MB 468.5s
#4 sha256:bf2c3e352f3d2eed4eda4feeed44a1022a881058df20ac0584db70c138b041e2 65.01MB / 211.21MB 473.6s
#4 sha256:bf2c3e352f3d2eed4eda4feeed44a1022a881058df20ac0584db70c138b041e2 65.01MB / 211.21MB 478.7s
#4 sha256:bf2c3e352f3d2eed4eda4feeed44a1022a881058df20ac0584db70c138b041e2 65.01MB / 211.21MB 483.9s
#4 sha256:bf2c3e352f3d2eed4eda4feeed44a1022a881058df20ac0584db70c138b041e2 65.01MB / 211.21MB 489.1s
#4 sha256:bf2c3e352f3d2eed4eda4feeed44a1022a881058df20ac0584db70c138b041e2 65.01MB / 211.21MB 494.1s
#4 sha256:bf2c3e352f3d2eed4eda4feeed44a1022a881058df20ac0584db70c138b041e2 65.01MB / 211.21MB 499.2s
#4 sha256:bf2c3e352f3d2eed4eda4feeed44a1022a881058df20ac0584db70c138b041e2 65.01MB / 211.21MB 504.2s
#4 sha256:bf2c3e352f3d2eed4eda4feeed44a1022a881058df20ac0584db70c138b041e2 65.01MB / 211.21MB 509.3s
#4 sha256:bf2c3e352f3d2eed4eda4feeed44a1022a881058df20ac0584db70c138b041e2 65.01MB / 211.21MB 514.4s
#4 sha256:bf2c3e352f3d2eed4eda4feeed44a1022a881058df20ac0584db70c138b041e2 65.01MB / 211.21MB 519.4s
#4 sha256:bf2c3e352f3d2eed4eda4feeed44a1022a881058df20ac0584db70c138b041e2 65.01MB / 211.21MB 524.4s
#4 sha256:bf2c3e352f3d2eed4eda4feeed44a1022a881058df20ac0584db70c138b041e2 65.01MB / 211.21MB 529.5s
#4 sha256:bf2c3e352f3d2eed4eda4feeed44a1022a881058df20ac0584db70c138b041e2 65.01MB / 211.21MB 534.6s
#4 sha256:bf2c3e352f3d2eed4eda4feeed44a1022a881058df20ac0584db70c138b041e2 65.01MB / 211.21MB 539.7s
#4 sha256:bf2c3e352f3d2eed4eda4feeed44a1022a881058df20ac0584db70c138b041e2 65.01MB / 211.21MB 544.8s
#4 sha256:bf2c3e352f3d2eed4eda4feeed44a1022a881058df20ac0584db70c138b041e2 65.01MB / 211.21MB 549.9s
#4 sha256:bf2c3e352f3d2eed4eda4feeed44a1022a881058df20ac0584db70c138b041e2 65.01MB / 211.21MB 555.0s
#4 sha256:bf2c3e352f3d2eed4eda4feeed44a1022a881058df20ac0584db70c138b041e2 65.01MB / 211.21MB 560.1s
#4 sha256:bf2c3e352f3d2eed4eda4feeed44a1022a881058df20ac0584db70c138b041e2 65.01MB / 211.21MB 565.2s
#4 sha256:bf2c3e352f3d2eed4eda4feeed44a1022a881058df20ac0584db70c138b041e2 65.01MB / 211.21MB 570.3s
#4 sha256:bf2c3e352f3d2eed4eda4feeed44a1022a881058df20ac0584db70c138b041e2 65.01MB / 211.21MB 575.4s
#4 sha256:bf2c3e352f3d2eed4eda4feeed44a1022a881058df20ac0584db70c138b041e2 65.01MB / 211.21MB 580.5s
#4 sha256:bf2c3e352f3d2eed4eda4feeed44a1022a881058df20ac0584db70c138b041e2 65.01MB / 211.21MB 585.5s
#4 sha256:bf2c3e352f3d2eed4eda4feeed44a1022a881058df20ac0584db70c138b041e2 65.01MB / 211.21MB 590.7s
#4 sha256:bf2c3e352f3d2eed4eda4feeed44a1022a881058df20ac0584db70c138b041e2 65.01MB / 211.21MB 595.7s
#4 sha256:bf2c3e352f3d2eed4eda4feeed44a1022a881058df20ac0584db70c138b041e2 65.01MB / 211.21MB 600.9s
#4 sha256:bf2c3e352f3d2eed4eda4feeed44a1022a881058df20ac0584db70c138b041e2 65.01MB / 211.21MB 606.0s
#4 sha256:bf2c3e352f3d2eed4eda4feeed44a1022a881058df20ac0584db70c138b041e2 65.01MB / 211.21MB 611.1s
#4 sha256:bf2c3e352f3d2eed4eda4feeed44a1022a881058df20ac0584db70c138b041e2 65.01MB / 211.21MB 616.1s
#4 sha256:bf2c3e352f3d2eed4eda4feeed44a1022a881058df20ac0584db70c138b041e2 65.01MB / 211.21MB 621.2s
#4 sha256:bf2c3e352f3d2eed4eda4feeed44a1022a881058df20ac0584db70c138b041e2 65.01MB / 211.21MB 626.2s
#4 sha256:bf2c3e352f3d2eed4eda4feeed44a1022a881058df20ac0584db70c138b041e2 65.01MB / 211.21MB 631.3s
#4 sha256:bf2c3e352f3d2eed4eda4feeed44a1022a881058df20ac0584db70c138b041e2 65.01MB / 211.21MB 636.4s
#4 sha256:bf2c3e352f3d2eed4eda4feeed44a1022a881058df20ac0584db70c138b041e2 65.01MB / 211.21MB 641.6s
#4 sha256:bf2c3e352f3d2eed4eda4feeed44a1022a881058df20ac0584db70c138b041e2 65.01MB / 211.21MB 646.7s
#4 sha256:bf2c3e352f3d2eed4eda4feeed44a1022a881058df20ac0584db70c138b041e2 65.01MB / 211.21MB 651.8s
#4 sha256:bf2c3e352f3d2eed4eda4feeed44a1022a881058df20ac0584db70c138b041e2 65.01MB / 211.21MB 656.9s
#4 sha256:bf2c3e352f3d2eed4eda4feeed44a1022a881058df20ac0584db70c138b041e2 65.01MB / 211.21MB 662.0s
#4 sha256:bf2c3e352f3d2eed4eda4feeed44a1022a881058df20ac0584db70c138b041e2 65.01MB / 211.21MB 667.1s
#4 sha256:bf2c3e352f3d2eed4eda4feeed44a1022a881058df20ac0584db70c138b041e2 65.01MB / 211.21MB 672.2s
#4 sha256:bf2c3e352f3d2eed4eda4feeed44a1022a881058df20ac0584db70c138b041e2 65.01MB / 211.21MB 677.3s
#4 sha256:bf2c3e352f3d2eed4eda4feeed44a1022a881058df20ac0584db70c138b041e2 65.01MB / 211.21MB 682.4s
#4 sha256:bf2c3e352f3d2eed4eda4feeed44a1022a881058df20ac0584db70c138b041e2 65.01MB / 211.21MB 687.5s
#4 sha256:bf2c3e352f3d2eed4eda4feeed44a1022a881058df20ac0584db70c138b041e2 65.01MB / 211.21MB 692.7s
#4 sha256:bf2c3e352f3d2eed4eda4feeed44a1022a881058df20ac0584db70c138b041e2 65.01MB / 211.21MB 697.8s
#4 sha256:bf2c3e352f3d2eed4eda4feeed44a1022a881058df20ac0584db70c138b041e2 65.01MB / 211.21MB 702.9s
#4 sha256:bf2c3e352f3d2eed4eda4feeed44a1022a881058df20ac0584db70c138b041e2 65.01MB / 211.21MB 708.0s
#4 sha256:bf2c3e352f3d2eed4eda4feeed44a1022a881058df20ac0584db70c138b041e2 65.01MB / 211.21MB 713.1s
#4 sha256:bf2c3e352f3d2eed4eda4feeed44a1022a881058df20ac0584db70c138b041e2 65.01MB / 211.21MB 718.2s
#4 sha256:bf2c3e352f3d2eed4eda4feeed44a1022a881058df20ac0584db70c138b041e2 65.01MB / 211.21MB 723.3s
#4 sha256:bf2c3e352f3d2eed4eda4feeed44a1022a881058df20ac0584db70c138b041e2 65.01MB / 211.21MB 728.4s
#4 sha256:bf2c3e352f3d2eed4eda4feeed44a1022a881058df20ac0584db70c138b041e2 65.01MB / 211.21MB 733.4s
#4 sha256:bf2c3e352f3d2eed4eda4feeed44a1022a881058df20ac0584db70c138b041e2 65.01MB / 211.21MB 738.6s
#4 sha256:bf2c3e352f3d2eed4eda4feeed44a1022a881058df20ac0584db70c138b041e2 65.01MB / 211.21MB 743.7s
#4 sha256:bf2c3e352f3d2eed4eda4feeed44a1022a881058df20ac0584db70c138b041e2 65.01MB / 211.21MB 748.8s
#4 sha256:bf2c3e352f3d2eed4eda4feeed44a1022a881058df20ac0584db70c138b041e2 65.01MB / 211.21MB 753.9s
#4 sha256:bf2c3e352f3d2eed4eda4feeed44a1022a881058df20ac0584db70c138b041e2 65.01MB / 211.21MB 759.0s
#4 sha256:bf2c3e352f3d2eed4eda4feeed44a1022a881058df20ac0584db70c138b041e2 65.01MB / 211.21MB 764.1s
#4 sha256:bf2c3e352f3d2eed4eda4feeed44a1022a881058df20ac0584db70c138b041e2 65.01MB / 211.21MB 769.3s
#4 sha256:bf2c3e352f3d2eed4eda4feeed44a1022a881058df20ac0584db70c138b041e2 65.01MB / 211.21MB 774.4s
#4 sha256:bf2c3e352f3d2eed4eda4feeed44a1022a881058df20ac0584db70c138b041e2 65.01MB / 211.21MB 779.4s
#4 sha256:bf2c3e352f3d2eed4eda4feeed44a1022a881058df20ac0584db70c138b041e2 65.01MB / 211.21MB 784.5s
#4 sha256:bf2c3e352f3d2eed4eda4feeed44a1022a881058df20ac0584db70c138b041e2 65.01MB / 211.21MB 789.6s
#4 sha256:bf2c3e352f3d2eed4eda4feeed44a1022a881058df20ac0584db70c138b041e2 65.01MB / 211.21MB 794.7s
#4 sha256:bf2c3e352f3d2eed4eda4feeed44a1022a881058df20ac0584db70c138b041e2 65.01MB / 211.21MB 799.7s
#4 sha256:bf2c3e352f3d2eed4eda4feeed44a1022a881058df20ac0584db70c138b041e2 65.01MB / 211.21MB 804.8s
#4 sha256:bf2c3e352f3d2eed4eda4feeed44a1022a881058df20ac0584db70c138b041e2 65.01MB / 211.21MB 809.9s
#4 sha256:bf2c3e352f3d2eed4eda4feeed44a1022a881058df20ac0584db70c138b041e2 65.01MB / 211.21MB 815.1s
#4 sha256:bf2c3e352f3d2eed4eda4feeed44a1022a881058df20ac0584db70c138b041e2 65.01MB / 211.21MB 820.2s
#4 sha256:bf2c3e352f3d2eed4eda4feeed44a1022a881058df20ac0584db70c138b041e2 65.01MB / 211.21MB 825.3s
#4 sha256:bf2c3e352f3d2eed4eda4feeed44a1022a881058df20ac0584db70c138b041e2 65.01MB / 211.21MB 830.3s
#4 sha256:bf2c3e352f3d2eed4eda4feeed44a1022a881058df20ac0584db70c138b041e2 65.01MB / 211.21MB 835.3s
#4 sha256:bf2c3e352f3d2eed4eda4feeed44a1022a881058df20ac0584db70c138b041e2 65.01MB / 211.21MB 840.4s
#4 sha256:bf2c3e352f3d2eed4eda4feeed44a1022a881058df20ac0584db70c138b041e2 65.01MB / 211.21MB 845.6s
#4 sha256:bf2c3e352f3d2eed4eda4feeed44a1022a881058df20ac0584db70c138b041e2 65.01MB / 211.21MB 850.7s
#4 sha256:bf2c3e352f3d2eed4eda4feeed44a1022a881058df20ac0584db70c138b041e2 65.01MB / 211.21MB 855.8s
#4 sha256:bf2c3e352f3d2eed4eda4feeed44a1022a881058df20ac0584db70c138b041e2 65.01MB / 211.21MB 860.9s
#4 sha256:bf2c3e352f3d2eed4eda4feeed44a1022a881058df20ac0584db70c138b041e2 65.01MB / 211.21MB 866.0s
#4 sha256:bf2c3e352f3d2eed4eda4feeed44a1022a881058df20ac0584db70c138b041e2 65.01MB / 211.21MB 871.1s
#4 sha256:bf2c3e352f3d2eed4eda4feeed44a1022a881058df20ac0584db70c138b041e2 65.01MB / 211.21MB 876.2s
#4 sha256:bf2c3e352f3d2eed4eda4feeed44a1022a881058df20ac0584db70c138b041e2 65.01MB / 211.21MB 881.3s
#4 sha256:bf2c3e352f3d2eed4eda4feeed44a1022a881058df20ac0584db70c138b041e2 65.01MB / 211.21MB 886.4s
#4 sha256:bf2c3e352f3d2eed4eda4feeed44a1022a881058df20ac0584db70c138b041e2 65.01MB / 211.21MB 891.5s
#4 sha256:bf2c3e352f3d2eed4eda4feeed44a1022a881058df20ac0584db70c138b041e2 65.01MB / 211.21MB 896.6s
#4 sha256:bf2c3e352f3d2eed4eda4feeed44a1022a881058df20ac0584db70c138b041e2 65.01MB / 211.21MB 901.8s
#4 sha256:bf2c3e352f3d2eed4eda4feeed44a1022a881058df20ac0584db70c138b041e2 65.01MB / 211.21MB 906.8s
#4 sha256:bf2c3e352f3d2eed4eda4feeed44a1022a881058df20ac0584db70c138b041e2 65.01MB / 211.21MB 911.9s
#4 sha256:bf2c3e352f3d2eed4eda4feeed44a1022a881058df20ac0584db70c138b041e2 65.01MB / 211.21MB 917.0s
#4 sha256:bf2c3e352f3d2eed4eda4feeed44a1022a881058df20ac0584db70c138b041e2 65.01MB / 211.21MB 922.1s
#4 sha256:bf2c3e352f3d2eed4eda4feeed44a1022a881058df20ac0584db70c138b041e2 65.01MB / 211.21MB 927.2s
#4 sha256:bf2c3e352f3d2eed4eda4feeed44a1022a881058df20ac0584db70c138b041e2 65.01MB / 211.21MB 932.3s
#4 sha256:bf2c3e352f3d2eed4eda4feeed44a1022a881058df20ac0584db70c138b041e2 65.01MB / 211.21MB 937.3s
#4 sha256:bf2c3e352f3d2eed4eda4feeed44a1022a881058df20ac0584db70c138b041e2 65.01MB / 211.21MB 942.4s
#4 sha256:bf2c3e352f3d2eed4eda4feeed44a1022a881058df20ac0584db70c138b041e2 65.01MB / 211.21MB 947.4s
#4 sha256:bf2c3e352f3d2eed4eda4feeed44a1022a881058df20ac0584db70c138b041e2 65.01MB / 211.21MB 952.5s
#4 sha256:bf2c3e352f3d2eed4eda4feeed44a1022a881058df20ac0584db70c138b041e2 65.01MB / 211.21MB 957.7s
#4 sha256:bf2c3e352f3d2eed4eda4feeed44a1022a881058df20ac0584db70c138b041e2 65.01MB / 211.21MB 962.8s
#4 sha256:bf2c3e352f3d2eed4eda4feeed44a1022a881058df20ac0584db70c138b041e2 65.01MB / 211.21MB 967.8s
#4 sha256:bf2c3e352f3d2eed4eda4feeed44a1022a881058df20ac0584db70c138b041e2 65.01MB / 211.21MB 972.9s
#4 sha256:bf2c3e352f3d2eed4eda4feeed44a1022a881058df20ac0584db70c138b041e2 65.01MB / 211.21MB 977.9s
#4 sha256:bf2c3e352f3d2eed4eda4feeed44a1022a881058df20ac0584db70c138b041e2 65.01MB / 211.21MB 982.9s
#4 sha256:bf2c3e352f3d2eed4eda4feeed44a1022a881058df20ac0584db70c138b041e2 65.01MB / 211.21MB 988.1s
#4 sha256:bf2c3e352f3d2eed4eda4feeed44a1022a881058df20ac0584db70c138b041e2 65.01MB / 211.21MB 993.1s
#4 sha256:bf2c3e352f3d2eed4eda4feeed44a1022a881058df20ac0584db70c138b041e2 65.01MB / 211.21MB 998.2s
#4 sha256:bf2c3e352f3d2eed4eda4feeed44a1022a881058df20ac0584db70c138b041e2 65.01MB / 211.21MB 1003.2s
#4 sha256:bf2c3e352f3d2eed4eda4feeed44a1022a881058df20ac0584db70c138b041e2 65.01MB / 211.21MB 1008.3s
#4 sha256:bf2c3e352f3d2eed4eda4feeed44a1022a881058df20ac0584db70c138b041e2 65.01MB / 211.21MB 1013.4s
#4 sha256:bf2c3e352f3d2eed4eda4feeed44a1022a881058df20ac0584db70c138b041e2 65.01MB / 211.21MB 1018.5s
#4 sha256:bf2c3e352f3d2eed4eda4feeed44a1022a881058df20ac0584db70c138b041e2 65.01MB / 211.21MB 1023.5s
#4 sha256:bf2c3e352f3d2eed4eda4feeed44a1022a881058df20ac0584db70c138b041e2 65.01MB / 211.21MB 1028.7s
#4 sha256:bf2c3e352f3d2eed4eda4feeed44a1022a881058df20ac0584db70c138b041e2 65.01MB / 211.21MB 1033.7s
#4 sha256:bf2c3e352f3d2eed4eda4feeed44a1022a881058df20ac0584db70c138b041e2 65.01MB / 211.21MB 1038.8s
#4 sha256:bf2c3e352f3d2eed4eda4feeed44a1022a881058df20ac0584db70c138b041e2 65.01MB / 211.21MB 1043.9s
#4 sha256:bf2c3e352f3d2eed4eda4feeed44a1022a881058df20ac0584db70c138b041e2 65.01MB / 211.21MB 1049.0s
#4 sha256:bf2c3e352f3d2eed4eda4feeed44a1022a881058df20ac0584db70c138b041e2 65.01MB / 211.21MB 1054.0s
#4 sha256:bf2c3e352f3d2eed4eda4feeed44a1022a881058df20ac0584db70c138b041e2 65.01MB / 211.21MB 1059.1s
#4 sha256:bf2c3e352f3d2eed4eda4feeed44a1022a881058df20ac0584db70c138b041e2 65.01MB / 211.21MB 1064.2s
#4 sha256:bf2c3e352f3d2eed4eda4feeed44a1022a881058df20ac0584db70c138b041e2 65.01MB / 211.21MB 1069.2s
#4 sha256:bf2c3e352f3d2eed4eda4feeed44a1022a881058df20ac0584db70c138b041e2 65.01MB / 211.21MB 1074.3s
#4 sha256:bf2c3e352f3d2eed4eda4feeed44a1022a881058df20ac0584db70c138b041e2 65.01MB / 211.21MB 1079.4s
#4 sha256:bf2c3e352f3d2eed4eda4feeed44a1022a881058df20ac0584db70c138b041e2 65.01MB / 211.21MB 1084.5s
#4 sha256:bf2c3e352f3d2eed4eda4feeed44a1022a881058df20ac0584db70c138b041e2 65.01MB / 211.21MB 1089.6s
#4 sha256:bf2c3e352f3d2eed4eda4feeed44a1022a881058df20ac0584db70c138b041e2 65.01MB / 211.21MB 1094.7s
#4 sha256:bf2c3e352f3d2eed4eda4feeed44a1022a881058df20ac0584db70c138b041e2 65.01MB / 211.21MB 1099.8s
#4 sha256:bf2c3e352f3d2eed4eda4feeed44a1022a881058df20ac0584db70c138b041e2 65.01MB / 211.21MB 1104.9s
#4 sha256:bf2c3e352f3d2eed4eda4feeed44a1022a881058df20ac0584db70c138b041e2 65.01MB / 211.21MB 1110.0s
#4 sha256:bf2c3e352f3d2eed4eda4feeed44a1022a881058df20ac0584db70c138b041e2 65.01MB / 211.21MB 1115.1s
#4 sha256:bf2c3e352f3d2eed4eda4feeed44a1022a881058df20ac0584db70c138b041e2 65.01MB / 211.21MB 1120.1s
#4 sha256:bf2c3e352f3d2eed4eda4feeed44a1022a881058df20ac0584db70c138b041e2 65.01MB / 211.21MB 1125.2s
#4 sha256:bf2c3e352f3d2eed4eda4feeed44a1022a881058df20ac0584db70c138b041e2 65.01MB / 211.21MB 1130.3s
#4 sha256:bf2c3e352f3d2eed4eda4feeed44a1022a881058df20ac0584db70c138b041e2 65.01MB / 211.21MB 1135.4s
#4 sha256:bf2c3e352f3d2eed4eda4feeed44a1022a881058df20ac0584db70c138b041e2 65.01MB / 211.21MB 1140.4s
#4 sha256:bf2c3e352f3d2eed4eda4feeed44a1022a881058df20ac0584db70c138b041e2 65.01MB / 211.21MB 1145.5s
#4 sha256:bf2c3e352f3d2eed4eda4feeed44a1022a881058df20ac0584db70c138b041e2 65.01MB / 211.21MB 1150.6s
#4 sha256:bf2c3e352f3d2eed4eda4feeed44a1022a881058df20ac0584db70c138b041e2 65.01MB / 211.21MB 1155.7s
#4 sha256:bf2c3e352f3d2eed4eda4feeed44a1022a881058df20ac0584db70c138b041e2 65.01MB / 211.21MB 1160.9s
#4 sha256:bf2c3e352f3d2eed4eda4feeed44a1022a881058df20ac0584db70c138b041e2 65.01MB / 211.21MB 1166.0s
#4 sha256:bf2c3e352f3d2eed4eda4feeed44a1022a881058df20ac0584db70c138b041e2 65.01MB / 211.21MB 1171.0s
#4 sha256:bf2c3e352f3d2eed4eda4feeed44a1022a881058df20ac0584db70c138b041e2 65.01MB / 211.21MB 1176.1s
#4 sha256:bf2c3e352f3d2eed4eda4feeed44a1022a881058df20ac0584db70c138b041e2 65.01MB / 211.21MB 1181.2s
#4 sha256:bf2c3e352f3d2eed4eda4feeed44a1022a881058df20ac0584db70c138b041e2 65.01MB / 211.21MB 1186.3s
#4 sha256:bf2c3e352f3d2eed4eda4feeed44a1022a881058df20ac0584db70c138b041e2 65.01MB / 211.21MB 1191.4s
#4 sha256:bf2c3e352f3d2eed4eda4feeed44a1022a881058df20ac0584db70c138b041e2 65.01MB / 211.21MB 1196.5s
#4 sha256:bf2c3e352f3d2eed4eda4feeed44a1022a881058df20ac0584db70c138b041e2 65.01MB / 211.21MB 1201.6s
#4 sha256:bf2c3e352f3d2eed4eda4feeed44a1022a881058df20ac0584db70c138b041e2 65.01MB / 211.21MB 1206.7s
#4 sha256:bf2c3e352f3d2eed4eda4feeed44a1022a881058df20ac0584db70c138b041e2 65.01MB / 211.21MB 1211.8s
#4 sha256:bf2c3e352f3d2eed4eda4feeed44a1022a881058df20ac0584db70c138b041e2 65.01MB / 211.21MB 1217.0s
#4 sha256:bf2c3e352f3d2eed4eda4feeed44a1022a881058df20ac0584db70c138b041e2 65.01MB / 211.21MB 1222.0s
#4 sha256:bf2c3e352f3d2eed4eda4feeed44a1022a881058df20ac0584db70c138b041e2 65.01MB / 211.21MB 1227.1s
#4 sha256:bf2c3e352f3d2eed4eda4feeed44a1022a881058df20ac0584db70c138b041e2 65.01MB / 211.21MB 1232.2s
#4 sha256:bf2c3e352f3d2eed4eda4feeed44a1022a881058df20ac0584db70c138b041e2 65.01MB / 211.21MB 1237.2s
#4 sha256:bf2c3e352f3d2eed4eda4feeed44a1022a881058df20ac0584db70c138b041e2 65.01MB / 211.21MB 1242.4s
#4 sha256:bf2c3e352f3d2eed4eda4feeed44a1022a881058df20ac0584db70c138b041e2 65.01MB / 211.21MB 1247.4s
#4 sha256:bf2c3e352f3d2eed4eda4feeed44a1022a881058df20ac0584db70c138b041e2 65.01MB / 211.21MB 1252.5s
#4 sha256:bf2c3e352f3d2eed4eda4feeed44a1022a881058df20ac0584db70c138b041e2 65.01MB / 211.21MB 1257.6s
#4 sha256:bf2c3e352f3d2eed4eda4feeed44a1022a881058df20ac0584db70c138b041e2 65.01MB / 211.21MB 1262.8s
#4 sha256:bf2c3e352f3d2eed4eda4feeed44a1022a881058df20ac0584db70c138b041e2 65.01MB / 211.21MB 1267.9s
#4 sha256:bf2c3e352f3d2eed4eda4feeed44a1022a881058df20ac0584db70c138b041e2 65.01MB / 211.21MB 1273.0s
#4 sha256:bf2c3e352f3d2eed4eda4feeed44a1022a881058df20ac0584db70c138b041e2 65.01MB / 211.21MB 1278.1s
#4 sha256:bf2c3e352f3d2eed4eda4feeed44a1022a881058df20ac0584db70c138b041e2 65.01MB / 211.21MB 1283.1s
#4 sha256:bf2c3e352f3d2eed4eda4feeed44a1022a881058df20ac0584db70c138b041e2 65.01MB / 211.21MB 1288.2s
#4 sha256:bf2c3e352f3d2eed4eda4feeed44a1022a881058df20ac0584db70c138b041e2 65.01MB / 211.21MB 1293.3s
#4 sha256:bf2c3e352f3d2eed4eda4feeed44a1022a881058df20ac0584db70c138b041e2 65.01MB / 211.21MB 1298.3s
#4 sha256:bf2c3e352f3d2eed4eda4feeed44a1022a881058df20ac0584db70c138b041e2 65.01MB / 211.21MB 1303.4s
#4 sha256:bf2c3e352f3d2eed4eda4feeed44a1022a881058df20ac0584db70c138b041e2 65.01MB / 211.21MB 1308.5s
#4 sha256:bf2c3e352f3d2eed4eda4feeed44a1022a881058df20ac0584db70c138b041e2 65.01MB / 211.21MB 1313.5s
#4 sha256:bf2c3e352f3d2eed4eda4feeed44a1022a881058df20ac0584db70c138b041e2 65.01MB / 211.21MB 1318.6s
#4 sha256:bf2c3e352f3d2eed4eda4feeed44a1022a881058df20ac0584db70c138b041e2 65.01MB / 211.21MB 1323.6s
#4 sha256:bf2c3e352f3d2eed4eda4feeed44a1022a881058df20ac0584db70c138b041e2 65.01MB / 211.21MB 1328.6s
#4 sha256:bf2c3e352f3d2eed4eda4feeed44a1022a881058df20ac0584db70c138b041e2 65.01MB / 211.21MB 1333.7s
#4 sha256:bf2c3e352f3d2eed4eda4feeed44a1022a881058df20ac0584db70c138b041e2 65.01MB / 211.21MB 1338.7s
#4 sha256:bf2c3e352f3d2eed4eda4feeed44a1022a881058df20ac0584db70c138b041e2 65.01MB / 211.21MB 1343.8s
#4 sha256:bf2c3e352f3d2eed4eda4feeed44a1022a881058df20ac0584db70c138b041e2 65.01MB / 211.21MB 1348.8s
#4 sha256:bf2c3e352f3d2eed4eda4feeed44a1022a881058df20ac0584db70c138b041e2 65.01MB / 211.21MB 1353.9s
#4 sha256:bf2c3e352f3d2eed4eda4feeed44a1022a881058df20ac0584db70c138b041e2 65.01MB / 211.21MB 1359.0s
#4 sha256:bf2c3e352f3d2eed4eda4feeed44a1022a881058df20ac0584db70c138b041e2 65.01MB / 211.21MB 1364.1s
#4 sha256:bf2c3e352f3d2eed4eda4feeed44a1022a881058df20ac0584db70c138b041e2 65.01MB / 211.21MB 1369.3s
#4 sha256:bf2c3e352f3d2eed4eda4feeed44a1022a881058df20ac0584db70c138b041e2 65.01MB / 211.21MB 1374.4s
#4 sha256:bf2c3e352f3d2eed4eda4feeed44a1022a881058df20ac0584db70c138b041e2 65.01MB / 211.21MB 1379.5s
#4 sha256:bf2c3e352f3d2eed4eda4feeed44a1022a881058df20ac0584db70c138b041e2 65.01MB / 211.21MB 1384.6s
#4 sha256:bf2c3e352f3d2eed4eda4feeed44a1022a881058df20ac0584db70c138b041e2 65.01MB / 211.21MB 1389.7s
#4 sha256:bf2c3e352f3d2eed4eda4feeed44a1022a881058df20ac0584db70c138b041e2 65.01MB / 211.21MB 1394.8s
#4 sha256:bf2c3e352f3d2eed4eda4feeed44a1022a881058df20ac0584db70c138b041e2 65.01MB / 211.21MB 1399.8s
#4 sha256:bf2c3e352f3d2eed4eda4feeed44a1022a881058df20ac0584db70c138b041e2 65.01MB / 211.21MB 1404.8s
#4 sha256:bf2c3e352f3d2eed4eda4feeed44a1022a881058df20ac0584db70c138b041e2 65.01MB / 211.21MB 1409.9s
#4 sha256:bf2c3e352f3d2eed4eda4feeed44a1022a881058df20ac0584db70c138b041e2 65.01MB / 211.21MB 1414.9s
#4 sha256:bf2c3e352f3d2eed4eda4feeed44a1022a881058df20ac0584db70c138b041e2 65.01MB / 211.21MB 1420.0s
#4 sha256:bf2c3e352f3d2eed4eda4feeed44a1022a881058df20ac0584db70c138b041e2 65.01MB / 211.21MB 1425.1s
#4 sha256:bf2c3e352f3d2eed4eda4feeed44a1022a881058df20ac0584db70c138b041e2 65.01MB / 211.21MB 1430.1s
#4 sha256:bf2c3e352f3d2eed4eda4feeed44a1022a881058df20ac0584db70c138b041e2 65.01MB / 211.21MB 1435.3s
#4 sha256:bf2c3e352f3d2eed4eda4feeed44a1022a881058df20ac0584db70c138b041e2 65.01MB / 211.21MB 1440.4s
#4 sha256:bf2c3e352f3d2eed4eda4feeed44a1022a881058df20ac0584db70c138b041e2 65.01MB / 211.21MB 1445.4s
#4 sha256:bf2c3e352f3d2eed4eda4feeed44a1022a881058df20ac0584db70c138b041e2 65.01MB / 211.21MB 1450.5s
#4 sha256:bf2c3e352f3d2eed4eda4feeed44a1022a881058df20ac0584db70c138b041e2 65.01MB / 211.21MB 1455.6s
#4 sha256:bf2c3e352f3d2eed4eda4feeed44a1022a881058df20ac0584db70c138b041e2 65.01MB / 211.21MB 1460.6s
#4 sha256:bf2c3e352f3d2eed4eda4feeed44a1022a881058df20ac0584db70c138b041e2 65.01MB / 211.21MB 1465.6s
#4 sha256:bf2c3e352f3d2eed4eda4feeed44a1022a881058df20ac0584db70c138b041e2 65.01MB / 211.21MB 1470.7s
#4 sha256:bf2c3e352f3d2eed4eda4feeed44a1022a881058df20ac0584db70c138b041e2 65.01MB / 211.21MB 1475.9s
#4 sha256:bf2c3e352f3d2eed4eda4feeed44a1022a881058df20ac0584db70c138b041e2 65.01MB / 211.21MB 1481.0s
#4 sha256:bf2c3e352f3d2eed4eda4feeed44a1022a881058df20ac0584db70c138b041e2 65.01MB / 211.21MB 1486.0s
#4 sha256:bf2c3e352f3d2eed4eda4feeed44a1022a881058df20ac0584db70c138b041e2 65.01MB / 211.21MB 1491.0s
#4 sha256:bf2c3e352f3d2eed4eda4feeed44a1022a881058df20ac0584db70c138b041e2 65.01MB / 211.21MB 1496.2s
#4 sha256:bf2c3e352f3d2eed4eda4feeed44a1022a881058df20ac0584db70c138b041e2 65.01MB / 211.21MB 1501.2s
#4 sha256:bf2c3e352f3d2eed4eda4feeed44a1022a881058df20ac0584db70c138b041e2 65.01MB / 211.21MB 1506.3s
#4 sha256:bf2c3e352f3d2eed4eda4feeed44a1022a881058df20ac0584db70c138b041e2 65.01MB / 211.21MB 1511.3s
#4 sha256:bf2c3e352f3d2eed4eda4feeed44a1022a881058df20ac0584db70c138b041e2 65.01MB / 211.21MB 1516.4s
#4 sha256:bf2c3e352f3d2eed4eda4feeed44a1022a881058df20ac0584db70c138b041e2 65.01MB / 211.21MB 1521.5s
#4 sha256:bf2c3e352f3d2eed4eda4feeed44a1022a881058df20ac0584db70c138b041e2 65.01MB / 211.21MB 1526.7s
#4 sha256:bf2c3e352f3d2eed4eda4feeed44a1022a881058df20ac0584db70c138b041e2 65.01MB / 211.21MB 1531.8s
#4 sha256:bf2c3e352f3d2eed4eda4feeed44a1022a881058df20ac0584db70c138b041e2 65.01MB / 211.21MB 1536.9s
#4 sha256:bf2c3e352f3d2eed4eda4feeed44a1022a881058df20ac0584db70c138b041e2 65.01MB / 211.21MB 1542.0s
#4 sha256:bf2c3e352f3d2eed4eda4feeed44a1022a881058df20ac0584db70c138b041e2 65.01MB / 211.21MB 1547.1s
#4 sha256:bf2c3e352f3d2eed4eda4feeed44a1022a881058df20ac0584db70c138b041e2 65.01MB / 211.21MB 1552.1s
#4 sha256:bf2c3e352f3d2eed4eda4feeed44a1022a881058df20ac0584db70c138b041e2 65.01MB / 211.21MB 1557.3s
#4 sha256:bf2c3e352f3d2eed4eda4feeed44a1022a881058df20ac0584db70c138b041e2 65.01MB / 211.21MB 1562.3s
#4 sha256:bf2c3e352f3d2eed4eda4feeed44a1022a881058df20ac0584db70c138b041e2 65.01MB / 211.21MB 1567.4s
#4 sha256:bf2c3e352f3d2eed4eda4feeed44a1022a881058df20ac0584db70c138b041e2 65.01MB / 211.21MB 1572.5s
#4 sha256:bf2c3e352f3d2eed4eda4feeed44a1022a881058df20ac0584db70c138b041e2 65.01MB / 211.21MB 1577.5s
#4 sha256:bf2c3e352f3d2eed4eda4feeed44a1022a881058df20ac0584db70c138b041e2 65.01MB / 211.21MB 1582.7s
#4 sha256:bf2c3e352f3d2eed4eda4feeed44a1022a881058df20ac0584db70c138b041e2 65.01MB / 211.21MB 1587.8s
#4 sha256:bf2c3e352f3d2eed4eda4feeed44a1022a881058df20ac0584db70c138b041e2 65.01MB / 211.21MB 1593.0s
#4 sha256:bf2c3e352f3d2eed4eda4feeed44a1022a881058df20ac0584db70c138b041e2 65.01MB / 211.21MB 1598.2s
#4 sha256:bf2c3e352f3d2eed4eda4feeed44a1022a881058df20ac0584db70c138b041e2 65.01MB / 211.21MB 1603.3s
#4 sha256:bf2c3e352f3d2eed4eda4feeed44a1022a881058df20ac0584db70c138b041e2 65.01MB / 211.21MB 1608.3s
#4 sha256:bf2c3e352f3d2eed4eda4feeed44a1022a881058df20ac0584db70c138b041e2 65.01MB / 211.21MB 1613.4s
#4 sha256:bf2c3e352f3d2eed4eda4feeed44a1022a881058df20ac0584db70c138b041e2 65.01MB / 211.21MB 1618.6s
#4 sha256:bf2c3e352f3d2eed4eda4feeed44a1022a881058df20ac0584db70c138b041e2 65.01MB / 211.21MB 1623.6s
#4 sha256:bf2c3e352f3d2eed4eda4feeed44a1022a881058df20ac0584db70c138b041e2 65.01MB / 211.21MB 1628.6s
#4 sha256:bf2c3e352f3d2eed4eda4feeed44a1022a881058df20ac0584db70c138b041e2 65.01MB / 211.21MB 1633.7s
#4 sha256:bf2c3e352f3d2eed4eda4feeed44a1022a881058df20ac0584db70c138b041e2 65.01MB / 211.21MB 1638.8s
#4 sha256:bf2c3e352f3d2eed4eda4feeed44a1022a881058df20ac0584db70c138b041e2 65.01MB / 211.21MB 1643.8s
#4 sha256:bf2c3e352f3d2eed4eda4feeed44a1022a881058df20ac0584db70c138b041e2 65.01MB / 211.21MB 1648.9s
#4 sha256:bf2c3e352f3d2eed4eda4feeed44a1022a881058df20ac0584db70c138b041e2 65.01MB / 211.21MB 1653.9s
#4 sha256:bf2c3e352f3d2eed4eda4feeed44a1022a881058df20ac0584db70c138b041e2 65.01MB / 211.21MB 1659.0s
#4 sha256:bf2c3e352f3d2eed4eda4feeed44a1022a881058df20ac0584db70c138b041e2 65.01MB / 211.21MB 1664.1s
#4 sha256:bf2c3e352f3d2eed4eda4feeed44a1022a881058df20ac0584db70c138b041e2 65.01MB / 211.21MB 1669.2s
#4 sha256:bf2c3e352f3d2eed4eda4feeed44a1022a881058df20ac0584db70c138b041e2 65.01MB / 211.21MB 1674.3s
#4 sha256:bf2c3e352f3d2eed4eda4feeed44a1022a881058df20ac0584db70c138b041e2 65.01MB / 211.21MB 1679.4s
#4 sha256:bf2c3e352f3d2eed4eda4feeed44a1022a881058df20ac0584db70c138b041e2 65.01MB / 211.21MB 1684.6s
#4 sha256:bf2c3e352f3d2eed4eda4feeed44a1022a881058df20ac0584db70c138b041e2 65.01MB / 211.21MB 1689.6s
#4 sha256:bf2c3e352f3d2eed4eda4feeed44a1022a881058df20ac0584db70c138b041e2 65.01MB / 211.21MB 1694.7s
#4 sha256:bf2c3e352f3d2eed4eda4feeed44a1022a881058df20ac0584db70c138b041e2 65.01MB / 211.21MB 1699.8s
#4 sha256:bf2c3e352f3d2eed4eda4feeed44a1022a881058df20ac0584db70c138b041e2 65.01MB / 211.21MB 1704.9s
#4 sha256:bf2c3e352f3d2eed4eda4feeed44a1022a881058df20ac0584db70c138b041e2 65.01MB / 211.21MB 1710.0s
#4 sha256:bf2c3e352f3d2eed4eda4feeed44a1022a881058df20ac0584db70c138b041e2 65.01MB / 211.21MB 1715.1s
#4 sha256:bf2c3e352f3d2eed4eda4feeed44a1022a881058df20ac0584db70c138b041e2 65.01MB / 211.21MB 1720.1s
#4 sha256:bf2c3e352f3d2eed4eda4feeed44a1022a881058df20ac0584db70c138b041e2 65.01MB / 211.21MB 1725.1s
#4 sha256:bf2c3e352f3d2eed4eda4feeed44a1022a881058df20ac0584db70c138b041e2 65.01MB / 211.21MB 1730.2s
#4 sha256:bf2c3e352f3d2eed4eda4feeed44a1022a881058df20ac0584db70c138b041e2 65.01MB / 211.21MB 1735.4s
#4 sha256:bf2c3e352f3d2eed4eda4feeed44a1022a881058df20ac0584db70c138b041e2 65.01MB / 211.21MB 1740.5s
#4 sha256:bf2c3e352f3d2eed4eda4feeed44a1022a881058df20ac0584db70c138b041e2 65.01MB / 211.21MB 1745.5s
#4 sha256:bf2c3e352f3d2eed4eda4feeed44a1022a881058df20ac0584db70c138b041e2 65.01MB / 211.21MB 1750.5s
#4 sha256:bf2c3e352f3d2eed4eda4feeed44a1022a881058df20ac0584db70c138b041e2 65.01MB / 211.21MB 1755.6s
#4 sha256:bf2c3e352f3d2eed4eda4feeed44a1022a881058df20ac0584db70c138b041e2 65.01MB / 211.21MB 1760.6s
#4 sha256:bf2c3e352f3d2eed4eda4feeed44a1022a881058df20ac0584db70c138b041e2 65.01MB / 211.21MB 1765.6s
#4 sha256:bf2c3e352f3d2eed4eda4feeed44a1022a881058df20ac0584db70c138b041e2 65.01MB / 211.21MB 1770.8s
#4 sha256:bf2c3e352f3d2eed4eda4feeed44a1022a881058df20ac0584db70c138b041e2 65.01MB / 211.21MB 1775.9s
#4 sha256:bf2c3e352f3d2eed4eda4feeed44a1022a881058df20ac0584db70c138b041e2 65.01MB / 211.21MB 1781.1s
#4 sha256:bf2c3e352f3d2eed4eda4feeed44a1022a881058df20ac0584db70c138b041e2 65.01MB / 211.21MB 1786.1s
#4 sha256:bf2c3e352f3d2eed4eda4feeed44a1022a881058df20ac0584db70c138b041e2 65.01MB / 211.21MB 1791.2s
#4 sha256:bf2c3e352f3d2eed4eda4feeed44a1022a881058df20ac0584db70c138b041e2 65.01MB / 211.21MB 1796.2s
#4 sha256:bf2c3e352f3d2eed4eda4feeed44a1022a881058df20ac0584db70c138b041e2 65.01MB / 211.21MB 1801.2s
#4 sha256:bf2c3e352f3d2eed4eda4feeed44a1022a881058df20ac0584db70c138b041e2 65.01MB / 211.21MB 1806.4s
#4 sha256:bf2c3e352f3d2eed4eda4feeed44a1022a881058df20ac0584db70c138b041e2 65.01MB / 211.21MB 1811.5s
#4 sha256:bf2c3e352f3d2eed4eda4feeed44a1022a881058df20ac0584db70c138b041e2 65.01MB / 211.21MB 1816.5s
#4 sha256:bf2c3e352f3d2eed4eda4feeed44a1022a881058df20ac0584db70c138b041e2 65.01MB / 211.21MB 1821.6s
#4 sha256:bf2c3e352f3d2eed4eda4feeed44a1022a881058df20ac0584db70c138b041e2 65.01MB / 211.21MB 1826.7s
#4 sha256:bf2c3e352f3d2eed4eda4feeed44a1022a881058df20ac0584db70c138b041e2 65.01MB / 211.21MB 1831.7s
#4 sha256:bf2c3e352f3d2eed4eda4feeed44a1022a881058df20ac0584db70c138b041e2 65.01MB / 211.21MB 1836.8s
#4 sha256:bf2c3e352f3d2eed4eda4feeed44a1022a881058df20ac0584db70c138b041e2 65.01MB / 211.21MB 1842.0s
#4 sha256:bf2c3e352f3d2eed4eda4feeed44a1022a881058df20ac0584db70c138b041e2 65.01MB / 211.21MB 1847.1s
#4 sha256:bf2c3e352f3d2eed4eda4feeed44a1022a881058df20ac0584db70c138b041e2 65.01MB / 211.21MB 1852.2s
#4 sha256:bf2c3e352f3d2eed4eda4feeed44a1022a881058df20ac0584db70c138b041e2 65.01MB / 211.21MB 1857.3s
#4 sha256:bf2c3e352f3d2eed4eda4feeed44a1022a881058df20ac0584db70c138b041e2 65.01MB / 211.21MB 1862.4s
#4 sha256:bf2c3e352f3d2eed4eda4feeed44a1022a881058df20ac0584db70c138b041e2 65.01MB / 211.21MB 1867.6s
#4 sha256:bf2c3e352f3d2eed4eda4feeed44a1022a881058df20ac0584db70c138b041e2 65.01MB / 211.21MB 1872.6s
#4 sha256:bf2c3e352f3d2eed4eda4feeed44a1022a881058df20ac0584db70c138b041e2 65.01MB / 211.21MB 1877.7s
#4 sha256:bf2c3e352f3d2eed4eda4feeed44a1022a881058df20ac0584db70c138b041e2 65.01MB / 211.21MB 1882.9s
#4 sha256:bf2c3e352f3d2eed4eda4feeed44a1022a881058df20ac0584db70c138b041e2 65.01MB / 211.21MB 1887.9s
#4 sha256:bf2c3e352f3d2eed4eda4feeed44a1022a881058df20ac0584db70c138b041e2 65.01MB / 211.21MB 1892.9s
#4 sha256:bf2c3e352f3d2eed4eda4feeed44a1022a881058df20ac0584db70c138b041e2 65.01MB / 211.21MB 1897.9s
#4 sha256:bf2c3e352f3d2eed4eda4feeed44a1022a881058df20ac0584db70c138b041e2 65.01MB / 211.21MB 1903.1s
#4 sha256:bf2c3e352f3d2eed4eda4feeed44a1022a881058df20ac0584db70c138b041e2 65.01MB / 211.21MB 1908.1s
#4 sha256:bf2c3e352f3d2eed4eda4feeed44a1022a881058df20ac0584db70c138b041e2 65.01MB / 211.21MB 1913.2s
#4 sha256:bf2c3e352f3d2eed4eda4feeed44a1022a881058df20ac0584db70c138b041e2 65.01MB / 211.21MB 1918.3s
#4 sha256:bf2c3e352f3d2eed4eda4feeed44a1022a881058df20ac0584db70c138b041e2 65.01MB / 211.21MB 1923.4s
#4 sha256:bf2c3e352f3d2eed4eda4feeed44a1022a881058df20ac0584db70c138b041e2 65.01MB / 211.21MB 1928.5s
#4 sha256:bf2c3e352f3d2eed4eda4feeed44a1022a881058df20ac0584db70c138b041e2 65.01MB / 211.21MB 1933.6s
#4 sha256:bf2c3e352f3d2eed4eda4feeed44a1022a881058df20ac0584db70c138b041e2 65.01MB / 211.21MB 1938.7s
#4 sha256:bf2c3e352f3d2eed4eda4feeed44a1022a881058df20ac0584db70c138b041e2 65.01MB / 211.21MB 1943.9s
#4 sha256:bf2c3e352f3d2eed4eda4feeed44a1022a881058df20ac0584db70c138b041e2 65.01MB / 211.21MB 1948.9s
#4 sha256:bf2c3e352f3d2eed4eda4feeed44a1022a881058df20ac0584db70c138b041e2 65.01MB / 211.21MB 1953.9s
#4 sha256:bf2c3e352f3d2eed4eda4feeed44a1022a881058df20ac0584db70c138b041e2 65.01MB / 211.21MB 1958.9s
#4 sha256:bf2c3e352f3d2eed4eda4feeed44a1022a881058df20ac0584db70c138b041e2 65.01MB / 211.21MB 1964.0s
#4 sha256:bf2c3e352f3d2eed4eda4feeed44a1022a881058df20ac0584db70c138b041e2 65.01MB / 211.21MB 1969.1s
#4 sha256:bf2c3e352f3d2eed4eda4feeed44a1022a881058df20ac0584db70c138b041e2 65.01MB / 211.21MB 1974.2s
#4 sha256:bf2c3e352f3d2eed4eda4feeed44a1022a881058df20ac0584db70c138b041e2 65.01MB / 211.21MB 1979.4s
#4 sha256:bf2c3e352f3d2eed4eda4feeed44a1022a881058df20ac0584db70c138b041e2 65.01MB / 211.21MB 1984.4s
#4 sha256:bf2c3e352f3d2eed4eda4feeed44a1022a881058df20ac0584db70c138b041e2 65.01MB / 211.21MB 1989.6s
#4 sha256:bf2c3e352f3d2eed4eda4feeed44a1022a881058df20ac0584db70c138b041e2 65.01MB / 211.21MB 1994.7s
#4 sha256:bf2c3e352f3d2eed4eda4feeed44a1022a881058df20ac0584db70c138b041e2 65.01MB / 211.21MB 1999.7s
#4 sha256:bf2c3e352f3d2eed4eda4feeed44a1022a881058df20ac0584db70c138b041e2 65.01MB / 211.21MB 2004.7s
#4 sha256:bf2c3e352f3d2eed4eda4feeed44a1022a881058df20ac0584db70c138b041e2 65.01MB / 211.21MB 2009.7s
#4 sha256:bf2c3e352f3d2eed4eda4feeed44a1022a881058df20ac0584db70c138b041e2 65.01MB / 211.21MB 2014.8s
#4 sha256:bf2c3e352f3d2eed4eda4feeed44a1022a881058df20ac0584db70c138b041e2 65.01MB / 211.21MB 2019.9s
#4 sha256:bf2c3e352f3d2eed4eda4feeed44a1022a881058df20ac0584db70c138b041e2 65.01MB / 211.21MB 2024.9s
#4 sha256:bf2c3e352f3d2eed4eda4feeed44a1022a881058df20ac0584db70c138b041e2 65.01MB / 211.21MB 2030.1s
#4 sha256:bf2c3e352f3d2eed4eda4feeed44a1022a881058df20ac0584db70c138b041e2 65.01MB / 211.21MB 2035.2s
#4 sha256:bf2c3e352f3d2eed4eda4feeed44a1022a881058df20ac0584db70c138b041e2 65.01MB / 211.21MB 2040.3s
#4 sha256:bf2c3e352f3d2eed4eda4feeed44a1022a881058df20ac0584db70c138b041e2 65.01MB / 211.21MB 2045.4s
#4 sha256:bf2c3e352f3d2eed4eda4feeed44a1022a881058df20ac0584db70c138b041e2 65.01MB / 211.21MB 2050.4s
#4 sha256:bf2c3e352f3d2eed4eda4feeed44a1022a881058df20ac0584db70c138b041e2 65.01MB / 211.21MB 2055.5s
#4 sha256:bf2c3e352f3d2eed4eda4feeed44a1022a881058df20ac0584db70c138b041e2 65.01MB / 211.21MB 2060.6s
#4 sha256:bf2c3e352f3d2eed4eda4feeed44a1022a881058df20ac0584db70c138b041e2 65.01MB / 211.21MB 2065.8s
#4 sha256:bf2c3e352f3d2eed4eda4feeed44a1022a881058df20ac0584db70c138b041e2 65.01MB / 211.21MB 2070.8s
#4 sha256:bf2c3e352f3d2eed4eda4feeed44a1022a881058df20ac0584db70c138b041e2 65.01MB / 211.21MB 2075.9s
#4 sha256:bf2c3e352f3d2eed4eda4feeed44a1022a881058df20ac0584db70c138b041e2 65.01MB / 211.21MB 2081.0s
#4 sha256:bf2c3e352f3d2eed4eda4feeed44a1022a881058df20ac0584db70c138b041e2 65.01MB / 211.21MB 2086.2s
#4 sha256:bf2c3e352f3d2eed4eda4feeed44a1022a881058df20ac0584db70c138b041e2 65.01MB / 211.21MB 2091.4s
#4 sha256:bf2c3e352f3d2eed4eda4feeed44a1022a881058df20ac0584db70c138b041e2 65.01MB / 211.21MB 2096.5s
#4 sha256:bf2c3e352f3d2eed4eda4feeed44a1022a881058df20ac0584db70c138b041e2 65.01MB / 211.21MB 2101.5s
#4 sha256:bf2c3e352f3d2eed4eda4feeed44a1022a881058df20ac0584db70c138b041e2 65.01MB / 211.21MB 2106.6s
#4 sha256:bf2c3e352f3d2eed4eda4feeed44a1022a881058df20ac0584db70c138b041e2 65.01MB / 211.21MB 2111.7s
#4 sha256:bf2c3e352f3d2eed4eda4feeed44a1022a881058df20ac0584db70c138b041e2 65.01MB / 211.21MB 2116.7s
#4 sha256:bf2c3e352f3d2eed4eda4feeed44a1022a881058df20ac0584db70c138b041e2 65.01MB / 211.21MB 2121.8s
#4 sha256:bf2c3e352f3d2eed4eda4feeed44a1022a881058df20ac0584db70c138b041e2 65.01MB / 211.21MB 2126.8s
#4 sha256:bf2c3e352f3d2eed4eda4feeed44a1022a881058df20ac0584db70c138b041e2 65.01MB / 211.21MB 2132.0s
#4 sha256:bf2c3e352f3d2eed4eda4feeed44a1022a881058df20ac0584db70c138b041e2 65.01MB / 211.21MB 2137.1s
#4 sha256:bf2c3e352f3d2eed4eda4feeed44a1022a881058df20ac0584db70c138b041e2 65.01MB / 211.21MB 2142.2s
#4 sha256:bf2c3e352f3d2eed4eda4feeed44a1022a881058df20ac0584db70c138b041e2 65.01MB / 211.21MB 2147.3s
#4 sha256:bf2c3e352f3d2eed4eda4feeed44a1022a881058df20ac0584db70c138b041e2 65.01MB / 211.21MB 2152.5s
#4 sha256:bf2c3e352f3d2eed4eda4feeed44a1022a881058df20ac0584db70c138b041e2 65.01MB / 211.21MB 2157.7s
#4 sha256:bf2c3e352f3d2eed4eda4feeed44a1022a881058df20ac0584db70c138b041e2 65.01MB / 211.21MB 2162.7s
#4 sha256:bf2c3e352f3d2eed4eda4feeed44a1022a881058df20ac0584db70c138b041e2 65.01MB / 211.21MB 2167.8s
#4 sha256:bf2c3e352f3d2eed4eda4feeed44a1022a881058df20ac0584db70c138b041e2 65.01MB / 211.21MB 2173.0s
#4 sha256:bf2c3e352f3d2eed4eda4feeed44a1022a881058df20ac0584db70c138b041e2 65.01MB / 211.21MB 2178.1s
#4 sha256:bf2c3e352f3d2eed4eda4feeed44a1022a881058df20ac0584db70c138b041e2 65.01MB / 211.21MB 2183.2s
#4 sha256:bf2c3e352f3d2eed4eda4feeed44a1022a881058df20ac0584db70c138b041e2 65.01MB / 211.21MB 2188.3s
#4 sha256:bf2c3e352f3d2eed4eda4feeed44a1022a881058df20ac0584db70c138b041e2 65.01MB / 211.21MB 2193.3s
#4 sha256:bf2c3e352f3d2eed4eda4feeed44a1022a881058df20ac0584db70c138b041e2 65.01MB / 211.21MB 2198.5s
#4 sha256:bf2c3e352f3d2eed4eda4feeed44a1022a881058df20ac0584db70c138b041e2 65.01MB / 211.21MB 2203.5s
#4 sha256:bf2c3e352f3d2eed4eda4feeed44a1022a881058df20ac0584db70c138b041e2 65.01MB / 211.21MB 2208.6s
#4 sha256:bf2c3e352f3d2eed4eda4feeed44a1022a881058df20ac0584db70c138b041e2 65.01MB / 211.21MB 2213.7s
#4 sha256:bf2c3e352f3d2eed4eda4feeed44a1022a881058df20ac0584db70c138b041e2 65.01MB / 211.21MB 2218.8s
#4 sha256:bf2c3e352f3d2eed4eda4feeed44a1022a881058df20ac0584db70c138b041e2 65.01MB / 211.21MB 2223.8s
#4 sha256:bf2c3e352f3d2eed4eda4feeed44a1022a881058df20ac0584db70c138b041e2 65.01MB / 211.21MB 2228.9s
#4 sha256:bf2c3e352f3d2eed4eda4feeed44a1022a881058df20ac0584db70c138b041e2 65.01MB / 211.21MB 2234.0s
#4 sha256:bf2c3e352f3d2eed4eda4feeed44a1022a881058df20ac0584db70c138b041e2 65.01MB / 211.21MB 2239.1s
#4 sha256:bf2c3e352f3d2eed4eda4feeed44a1022a881058df20ac0584db70c138b041e2 65.01MB / 211.21MB 2244.2s
#4 sha256:bf2c3e352f3d2eed4eda4feeed44a1022a881058df20ac0584db70c138b041e2 65.01MB / 211.21MB 2249.3s
#4 sha256:bf2c3e352f3d2eed4eda4feeed44a1022a881058df20ac0584db70c138b041e2 65.01MB / 211.21MB 2254.4s
#4 sha256:bf2c3e352f3d2eed4eda4feeed44a1022a881058df20ac0584db70c138b041e2 65.01MB / 211.21MB 2259.4s
#4 sha256:bf2c3e352f3d2eed4eda4feeed44a1022a881058df20ac0584db70c138b041e2 65.01MB / 211.21MB 2264.4s
#4 sha256:bf2c3e352f3d2eed4eda4feeed44a1022a881058df20ac0584db70c138b041e2 65.01MB / 211.21MB 2269.6s
#4 sha256:bf2c3e352f3d2eed4eda4feeed44a1022a881058df20ac0584db70c138b041e2 65.01MB / 211.21MB 2274.8s
#4 sha256:bf2c3e352f3d2eed4eda4feeed44a1022a881058df20ac0584db70c138b041e2 65.01MB / 211.21MB 2279.9s
#4 sha256:bf2c3e352f3d2eed4eda4feeed44a1022a881058df20ac0584db70c138b041e2 65.01MB / 211.21MB 2285.0s
#4 sha256:bf2c3e352f3d2eed4eda4feeed44a1022a881058df20ac0584db70c138b041e2 65.01MB / 211.21MB 2290.1s
#4 sha256:bf2c3e352f3d2eed4eda4feeed44a1022a881058df20ac0584db70c138b041e2 65.01MB / 211.21MB 2295.2s
#4 sha256:bf2c3e352f3d2eed4eda4feeed44a1022a881058df20ac0584db70c138b041e2 65.01MB / 211.21MB 2300.4s
#4 sha256:bf2c3e352f3d2eed4eda4feeed44a1022a881058df20ac0584db70c138b041e2 65.01MB / 211.21MB 2305.5s
#4 sha256:bf2c3e352f3d2eed4eda4feeed44a1022a881058df20ac0584db70c138b041e2 65.01MB / 211.21MB 2310.6s
#4 sha256:bf2c3e352f3d2eed4eda4feeed44a1022a881058df20ac0584db70c138b041e2 65.01MB / 211.21MB 2315.6s
#4 sha256:bf2c3e352f3d2eed4eda4feeed44a1022a881058df20ac0584db70c138b041e2 65.01MB / 211.21MB 2320.7s
#4 sha256:bf2c3e352f3d2eed4eda4feeed44a1022a881058df20ac0584db70c138b041e2 65.01MB / 211.21MB 2325.8s
#4 sha256:bf2c3e352f3d2eed4eda4feeed44a1022a881058df20ac0584db70c138b041e2 65.01MB / 211.21MB 2330.9s
#4 sha256:bf2c3e352f3d2eed4eda4feeed44a1022a881058df20ac0584db70c138b041e2 65.01MB / 211.21MB 2336.0s
#4 sha256:bf2c3e352f3d2eed4eda4feeed44a1022a881058df20ac0584db70c138b041e2 65.01MB / 211.21MB 2341.1s
#4 sha256:bf2c3e352f3d2eed4eda4feeed44a1022a881058df20ac0584db70c138b041e2 65.01MB / 211.21MB 2346.1s
#4 sha256:bf2c3e352f3d2eed4eda4feeed44a1022a881058df20ac0584db70c138b041e2 65.01MB / 211.21MB 2351.2s
#4 sha256:bf2c3e352f3d2eed4eda4feeed44a1022a881058df20ac0584db70c138b041e2 65.01MB / 211.21MB 2356.4s
#4 sha256:bf2c3e352f3d2eed4eda4feeed44a1022a881058df20ac0584db70c138b041e2 65.01MB / 211.21MB 2361.6s
#4 sha256:bf2c3e352f3d2eed4eda4feeed44a1022a881058df20ac0584db70c138b041e2 65.01MB / 211.21MB 2366.7s
#4 sha256:bf2c3e352f3d2eed4eda4feeed44a1022a881058df20ac0584db70c138b041e2 65.01MB / 211.21MB 2371.7s
#4 sha256:bf2c3e352f3d2eed4eda4feeed44a1022a881058df20ac0584db70c138b041e2 65.01MB / 211.21MB 2376.8s
#4 sha256:bf2c3e352f3d2eed4eda4feeed44a1022a881058df20ac0584db70c138b041e2 65.01MB / 211.21MB 2381.9s
#4 sha256:bf2c3e352f3d2eed4eda4feeed44a1022a881058df20ac0584db70c138b041e2 65.01MB / 211.21MB 2387.0s
#4 sha256:bf2c3e352f3d2eed4eda4feeed44a1022a881058df20ac0584db70c138b041e2 65.01MB / 211.21MB 2392.0s
#4 sha256:bf2c3e352f3d2eed4eda4feeed44a1022a881058df20ac0584db70c138b041e2 65.01MB / 211.21MB 2397.0s
#4 sha256:bf2c3e352f3d2eed4eda4feeed44a1022a881058df20ac0584db70c138b041e2 65.01MB / 211.21MB 2402.1s
#4 sha256:bf2c3e352f3d2eed4eda4feeed44a1022a881058df20ac0584db70c138b041e2 65.01MB / 211.21MB 2407.2s
#4 sha256:bf2c3e352f3d2eed4eda4feeed44a1022a881058df20ac0584db70c138b041e2 65.01MB / 211.21MB 2412.3s
#4 sha256:bf2c3e352f3d2eed4eda4feeed44a1022a881058df20ac0584db70c138b041e2 65.01MB / 211.21MB 2417.3s
#4 sha256:bf2c3e352f3d2eed4eda4feeed44a1022a881058df20ac0584db70c138b041e2 65.01MB / 211.21MB 2422.4s
#4 sha256:bf2c3e352f3d2eed4eda4feeed44a1022a881058df20ac0584db70c138b041e2 65.01MB / 211.21MB 2427.4s
#4 sha256:bf2c3e352f3d2eed4eda4feeed44a1022a881058df20ac0584db70c138b041e2 65.01MB / 211.21MB 2432.5s
#4 sha256:bf2c3e352f3d2eed4eda4feeed44a1022a881058df20ac0584db70c138b041e2 65.01MB / 211.21MB 2437.6s
#4 sha256:bf2c3e352f3d2eed4eda4feeed44a1022a881058df20ac0584db70c138b041e2 65.01MB / 211.21MB 2442.8s
#4 sha256:bf2c3e352f3d2eed4eda4feeed44a1022a881058df20ac0584db70c138b041e2 65.01MB / 211.21MB 2447.9s
#4 sha256:bf2c3e352f3d2eed4eda4feeed44a1022a881058df20ac0584db70c138b041e2 65.01MB / 211.21MB 2453.0s
#4 sha256:bf2c3e352f3d2eed4eda4feeed44a1022a881058df20ac0584db70c138b041e2 65.01MB / 211.21MB 2458.0s
#4 sha256:bf2c3e352f3d2eed4eda4feeed44a1022a881058df20ac0584db70c138b041e2 65.01MB / 211.21MB 2463.2s
#4 sha256:bf2c3e352f3d2eed4eda4feeed44a1022a881058df20ac0584db70c138b041e2 65.01MB / 211.21MB 2468.3s
#4 sha256:bf2c3e352f3d2eed4eda4feeed44a1022a881058df20ac0584db70c138b041e2 65.01MB / 211.21MB 2473.5s
#4 sha256:bf2c3e352f3d2eed4eda4feeed44a1022a881058df20ac0584db70c138b041e2 65.01MB / 211.21MB 2478.6s
#4 sha256:bf2c3e352f3d2eed4eda4feeed44a1022a881058df20ac0584db70c138b041e2 65.01MB / 211.21MB 2483.6s
#4 sha256:bf2c3e352f3d2eed4eda4feeed44a1022a881058df20ac0584db70c138b041e2 65.01MB / 211.21MB 2488.7s
#4 sha256:bf2c3e352f3d2eed4eda4feeed44a1022a881058df20ac0584db70c138b041e2 65.01MB / 211.21MB 2493.7s
#4 sha256:bf2c3e352f3d2eed4eda4feeed44a1022a881058df20ac0584db70c138b041e2 65.01MB / 211.21MB 2498.8s
#4 sha256:bf2c3e352f3d2eed4eda4feeed44a1022a881058df20ac0584db70c138b041e2 65.01MB / 211.21MB 2503.8s
#4 sha256:bf2c3e352f3d2eed4eda4feeed44a1022a881058df20ac0584db70c138b041e2 65.01MB / 211.21MB 2508.9s
#4 sha256:bf2c3e352f3d2eed4eda4feeed44a1022a881058df20ac0584db70c138b041e2 65.01MB / 211.21MB 2514.0s
#4 sha256:bf2c3e352f3d2eed4eda4feeed44a1022a881058df20ac0584db70c138b041e2 65.01MB / 211.21MB 2519.0s
#4 sha256:bf2c3e352f3d2eed4eda4feeed44a1022a881058df20ac0584db70c138b041e2 65.01MB / 211.21MB 2524.2s
#4 sha256:bf2c3e352f3d2eed4eda4feeed44a1022a881058df20ac0584db70c138b041e2 65.01MB / 211.21MB 2529.3s
#4 sha256:bf2c3e352f3d2eed4eda4feeed44a1022a881058df20ac0584db70c138b041e2 65.01MB / 211.21MB 2534.4s
#4 sha256:bf2c3e352f3d2eed4eda4feeed44a1022a881058df20ac0584db70c138b041e2 65.01MB / 211.21MB 2539.5s
#4 sha256:bf2c3e352f3d2eed4eda4feeed44a1022a881058df20ac0584db70c138b041e2 65.01MB / 211.21MB 2544.5s
#4 sha256:bf2c3e352f3d2eed4eda4feeed44a1022a881058df20ac0584db70c138b041e2 65.01MB / 211.21MB 2549.6s
#4 sha256:bf2c3e352f3d2eed4eda4feeed44a1022a881058df20ac0584db70c138b041e2 65.01MB / 211.21MB 2554.7s
#4 sha256:bf2c3e352f3d2eed4eda4feeed44a1022a881058df20ac0584db70c138b041e2 65.01MB / 211.21MB 2559.8s
#4 sha256:bf2c3e352f3d2eed4eda4feeed44a1022a881058df20ac0584db70c138b041e2 65.01MB / 211.21MB 2564.9s
#4 sha256:bf2c3e352f3d2eed4eda4feeed44a1022a881058df20ac0584db70c138b041e2 65.01MB / 211.21MB 2570.0s
#4 sha256:bf2c3e352f3d2eed4eda4feeed44a1022a881058df20ac0584db70c138b041e2 65.01MB / 211.21MB 2575.0s
#4 sha256:bf2c3e352f3d2eed4eda4feeed44a1022a881058df20ac0584db70c138b041e2 65.01MB / 211.21MB 2580.1s
#4 sha256:bf2c3e352f3d2eed4eda4feeed44a1022a881058df20ac0584db70c138b041e2 65.01MB / 211.21MB 2585.1s
#4 sha256:bf2c3e352f3d2eed4eda4feeed44a1022a881058df20ac0584db70c138b041e2 65.01MB / 211.21MB 2590.1s
#4 sha256:bf2c3e352f3d2eed4eda4feeed44a1022a881058df20ac0584db70c138b041e2 65.01MB / 211.21MB 2595.1s
#4 sha256:bf2c3e352f3d2eed4eda4feeed44a1022a881058df20ac0584db70c138b041e2 65.01MB / 211.21MB 2600.2s
#4 sha256:bf2c3e352f3d2eed4eda4feeed44a1022a881058df20ac0584db70c138b041e2 65.01MB / 211.21MB 2605.3s
#4 sha256:bf2c3e352f3d2eed4eda4feeed44a1022a881058df20ac0584db70c138b041e2 65.01MB / 211.21MB 2610.5s
#4 sha256:bf2c3e352f3d2eed4eda4feeed44a1022a881058df20ac0584db70c138b041e2 65.01MB / 211.21MB 2615.6s
#4 sha256:bf2c3e352f3d2eed4eda4feeed44a1022a881058df20ac0584db70c138b041e2 65.01MB / 211.21MB 2620.6s
#4 sha256:bf2c3e352f3d2eed4eda4feeed44a1022a881058df20ac0584db70c138b041e2 65.01MB / 211.21MB 2625.6s
#4 sha256:bf2c3e352f3d2eed4eda4feeed44a1022a881058df20ac0584db70c138b041e2 65.01MB / 211.21MB 2630.7s
#4 sha256:bf2c3e352f3d2eed4eda4feeed44a1022a881058df20ac0584db70c138b041e2 65.01MB / 211.21MB 2635.8s
#4 sha256:bf2c3e352f3d2eed4eda4feeed44a1022a881058df20ac0584db70c138b041e2 65.01MB / 211.21MB 2640.8s
#4 sha256:bf2c3e352f3d2eed4eda4feeed44a1022a881058df20ac0584db70c138b041e2 65.01MB / 211.21MB 2645.9s
#4 sha256:bf2c3e352f3d2eed4eda4feeed44a1022a881058df20ac0584db70c138b041e2 65.01MB / 211.21MB 2651.0s
#4 sha256:bf2c3e352f3d2eed4eda4feeed44a1022a881058df20ac0584db70c138b041e2 65.01MB / 211.21MB 2656.0s
#4 sha256:bf2c3e352f3d2eed4eda4feeed44a1022a881058df20ac0584db70c138b041e2 65.01MB / 211.21MB 2661.2s
#4 sha256:bf2c3e352f3d2eed4eda4feeed44a1022a881058df20ac0584db70c138b041e2 65.01MB / 211.21MB 2666.3s
#4 sha256:bf2c3e352f3d2eed4eda4feeed44a1022a881058df20ac0584db70c138b041e2 65.01MB / 211.21MB 2671.4s
#4 sha256:bf2c3e352f3d2eed4eda4feeed44a1022a881058df20ac0584db70c138b041e2 65.01MB / 211.21MB 2676.5s
#4 sha256:bf2c3e352f3d2eed4eda4feeed44a1022a881058df20ac0584db70c138b041e2 65.01MB / 211.21MB 2681.5s
#4 sha256:bf2c3e352f3d2eed4eda4feeed44a1022a881058df20ac0584db70c138b041e2 65.01MB / 211.21MB 2686.6s
#4 sha256:bf2c3e352f3d2eed4eda4feeed44a1022a881058df20ac0584db70c138b041e2 65.01MB / 211.21MB 2691.7s
#4 sha256:bf2c3e352f3d2eed4eda4feeed44a1022a881058df20ac0584db70c138b041e2 65.01MB / 211.21MB 2696.8s
#4 sha256:bf2c3e352f3d2eed4eda4feeed44a1022a881058df20ac0584db70c138b041e2 65.01MB / 211.21MB 2701.9s
#4 sha256:bf2c3e352f3d2eed4eda4feeed44a1022a881058df20ac0584db70c138b041e2 65.01MB / 211.21MB 2707.1s
#4 sha256:bf2c3e352f3d2eed4eda4feeed44a1022a881058df20ac0584db70c138b041e2 65.01MB / 211.21MB 2712.1s
#4 sha256:bf2c3e352f3d2eed4eda4feeed44a1022a881058df20ac0584db70c138b041e2 65.01MB / 211.21MB 2717.2s
#4 sha256:bf2c3e352f3d2eed4eda4feeed44a1022a881058df20ac0584db70c138b041e2 65.01MB / 211.21MB 2722.4s
#4 sha256:bf2c3e352f3d2eed4eda4feeed44a1022a881058df20ac0584db70c138b041e2 65.01MB / 211.21MB 2727.4s
#4 sha256:bf2c3e352f3d2eed4eda4feeed44a1022a881058df20ac0584db70c138b041e2 65.01MB / 211.21MB 2732.5s
#4 sha256:bf2c3e352f3d2eed4eda4feeed44a1022a881058df20ac0584db70c138b041e2 65.01MB / 211.21MB 2737.5s
#4 sha256:bf2c3e352f3d2eed4eda4feeed44a1022a881058df20ac0584db70c138b041e2 65.01MB / 211.21MB 2742.5s
#4 sha256:bf2c3e352f3d2eed4eda4feeed44a1022a881058df20ac0584db70c138b041e2 65.01MB / 211.21MB 2747.7s
#4 sha256:bf2c3e352f3d2eed4eda4feeed44a1022a881058df20ac0584db70c138b041e2 65.01MB / 211.21MB 2752.7s
#4 sha256:bf2c3e352f3d2eed4eda4feeed44a1022a881058df20ac0584db70c138b041e2 65.01MB / 211.21MB 2757.9s
#4 sha256:bf2c3e352f3d2eed4eda4feeed44a1022a881058df20ac0584db70c138b041e2 65.01MB / 211.21MB 2763.0s
#4 sha256:bf2c3e352f3d2eed4eda4feeed44a1022a881058df20ac0584db70c138b041e2 65.01MB / 211.21MB 2768.0s
#4 sha256:bf2c3e352f3d2eed4eda4feeed44a1022a881058df20ac0584db70c138b041e2 65.01MB / 211.21MB 2773.0s
#4 sha256:bf2c3e352f3d2eed4eda4feeed44a1022a881058df20ac0584db70c138b041e2 65.01MB / 211.21MB 2778.2s
#4 sha256:bf2c3e352f3d2eed4eda4feeed44a1022a881058df20ac0584db70c138b041e2 65.01MB / 211.21MB 2783.2s
#4 sha256:bf2c3e352f3d2eed4eda4feeed44a1022a881058df20ac0584db70c138b041e2 65.01MB / 211.21MB 2788.3s
#4 sha256:bf2c3e352f3d2eed4eda4feeed44a1022a881058df20ac0584db70c138b041e2 65.01MB / 211.21MB 2793.4s
#4 sha256:bf2c3e352f3d2eed4eda4feeed44a1022a881058df20ac0584db70c138b041e2 65.01MB / 211.21MB 2798.6s
#4 sha256:bf2c3e352f3d2eed4eda4feeed44a1022a881058df20ac0584db70c138b041e2 65.01MB / 211.21MB 2803.8s
#4 sha256:bf2c3e352f3d2eed4eda4feeed44a1022a881058df20ac0584db70c138b041e2 65.01MB / 211.21MB 2808.9s
#4 sha256:bf2c3e352f3d2eed4eda4feeed44a1022a881058df20ac0584db70c138b041e2 65.01MB / 211.21MB 2814.0s
#4 sha256:bf2c3e352f3d2eed4eda4feeed44a1022a881058df20ac0584db70c138b041e2 65.01MB / 211.21MB 2819.0s
#4 sha256:bf2c3e352f3d2eed4eda4feeed44a1022a881058df20ac0584db70c138b041e2 65.01MB / 211.21MB 2824.0s
#4 sha256:bf2c3e352f3d2eed4eda4feeed44a1022a881058df20ac0584db70c138b041e2 65.01MB / 211.21MB 2829.2s
#4 sha256:bf2c3e352f3d2eed4eda4feeed44a1022a881058df20ac0584db70c138b041e2 65.01MB / 211.21MB 2834.2s
#4 sha256:bf2c3e352f3d2eed4eda4feeed44a1022a881058df20ac0584db70c138b041e2 65.01MB / 211.21MB 2839.3s
#4 sha256:bf2c3e352f3d2eed4eda4feeed44a1022a881058df20ac0584db70c138b041e2 65.01MB / 211.21MB 2844.3s
removing docker image...
clearing temp directory
